#
# A fatal error has been detected by the Java Runtime Environment:
#
#  EXCEPTION_ACCESS_VIOLATION (0xc0000005) at pc=0x00007ffadacd4d46, pid=3364, tid=944
#
# JRE version: Java(TM) SE Runtime Environment (18.0+36) (build 18+36-2087)
# Java VM: Java HotSpot(TM) 64-Bit Server VM (18+36-2087, mixed mode, sharing, tiered, compressed oops, compressed class ptrs, g1 gc, windows-amd64)
# Problematic frame:
# V  [jvm.dll+0x1c4d46]
#
# No core dump will be written. Minidumps are not enabled by default on client versions of Windows
#
# If you would like to submit a bug report, please visit:
#   https://bugreport.java.com/bugreport/crash.jsp
#

---------------  S U M M A R Y ------------

Command Line: --add-opens=java.base/java.util=ALL-UNNAMED --add-opens=java.base/java.lang=ALL-UNNAMED --add-opens=java.base/java.lang.invoke=ALL-UNNAMED --add-opens=java.base/java.util=ALL-UNNAMED --add-opens=java.prefs/java.util.prefs=ALL-UNNAMED --add-opens=java.prefs/java.util.prefs=ALL-UNNAMED --add-opens=java.base/java.nio.charset=ALL-UNNAMED --add-opens=java.base/java.net=ALL-UNNAMED --add-opens=java.base/java.util.concurrent.atomic=ALL-UNNAMED -Xmx2048m -Dfile.encoding=UTF-8 -Duser.country=US -Duser.language=en -Duser.variant org.gradle.launcher.daemon.bootstrap.GradleDaemon 7.4

Host: Intel(R) Core(TM) i5-7200U CPU @ 2.50GHz, 4 cores, 11G,  Windows 10 , 64 bit Build 19041 (10.0.19041.1889)
Time: Thu Sep 29 21:56:15 2022 SE Asia Standard Time elapsed time: 156.779784 seconds (0d 0h 2m 36s)

---------------  T H R E A D  ---------------

Current thread (0x0000027da14a6c30):  WorkerThread "GC Thread#2" [stack: 0x000000d07cd00000,0x000000d07ce00000] [id=944]

Stack: [0x000000d07cd00000,0x000000d07ce00000],  sp=0x000000d07cdff2f8,  free space=1020k
Native frames: (J=compiled Java code, j=interpreted, Vv=VM code, C=native code)
V  [jvm.dll+0x1c4d46]


siginfo: EXCEPTION_ACCESS_VIOLATION (0xc0000005), reading address 0x00000008815f2b88


Register to memory mapping:

RIP=0x00007ffadacd4d46 jvm.dll
RAX=0x0 is NULL
RBX=0x0000000000000001 is an unknown value
RCX=
[error occurred during error reporting (printing register info), id 0xc0000005, EXCEPTION_ACCESS_VIOLATION (0xc0000005) at pc=0x00007ffadadffe63]

Registers:
RAX=0x0000000000000000, RBX=0x0000000000000001, RCX=0x0000000088ae3b58, RDX=0x0000000088ae3b58
RSP=0x000000d07cdff2f8, RBP=0x0000000000000ab1, RSI=0x0000027dfd0e2250, RDI=0x000000030103dc58
R8 =0x00000008815f2b80, R9 =0x000000030103dc58, R10=0x0000000088ae3b58, R11=0x0000000000000001
R12=0x000000d07cdff630, R13=0x00000008815f2b80, R14=0x0000000088ae3b58, R15=0x0000027da7858f70
RIP=0x00007ffadacd4d46, EFLAGS=0x0000000000010202

Top of Stack: (sp=0x000000d07cdff2f8)
0x000000d07cdff2f8:   00007ffadae33eab 0000000000000001
0x000000d07cdff308:   0000000000000002 0000000088c40670
0x000000d07cdff318:   0000000088de1a30 0000000088c362e8
0x000000d07cdff328:   00007ffadb1e9f1f 0000027dfd16a4e0
0x000000d07cdff338:   00007ffadae3a379 0000000000000001
0x000000d07cdff348:   00007ffadae3a3b9 0000000000000000
0x000000d07cdff358:   0000000000000000 0000000000000040
0x000000d07cdff368:   0000027dfd0d5280 000000d07cdff630
0x000000d07cdff378:   0000000088c40644 0000027dfd0e2250
0x000000d07cdff388:   0000000000000ab1 0000027da7858f70
0x000000d07cdff398:   00007ffadae35038 0000027da7850000
0x000000d07cdff3a8:   0000027dfd0e0001 0000000000000000
0x000000d07cdff3b8:   0000000000000009 0000027dff3a2c80
0x000000d07cdff3c8:   0000000000000001 0000000000000040
0x000000d07cdff3d8:   000000d07cdff630 0000000082592a00
0x000000d07cdff3e8:   00007ffadae3185e 0000000000000000 

Instructions: (pc=0x00007ffadacd4d46)
0x00007ffadacd4c46:   86 d8 02 00 00 48 8b 5c 24 40 48 8b 74 24 48 48
0x00007ffadacd4c56:   83 c4 30 5f c3 48 8b 07 48 8d 54 24 20 48 8b cf
0x00007ffadacd4c66:   66 0f 7f 44 24 20 ff 50 38 48 8b 5c 24 40 48 8b
0x00007ffadacd4c76:   74 24 48 48 83 c4 30 5f c3 cc 48 89 5c 24 08 57
0x00007ffadacd4c86:   48 83 ec 30 48 8b 02 48 8b f9 48 8b ca 48 8b da
0x00007ffadacd4c96:   ff 50 38 84 c0 74 48 0f 10 83 d8 02 00 00 66 0f
0x00007ffadacd4ca6:   73 d8 08 66 48 0f 7e c0 48 85 c0 74 32 0f 10 83
0x00007ffadacd4cb6:   d8 02 00 00 48 8b 07 48 8d 54 24 20 48 8b cf 0f
0x00007ffadacd4cc6:   29 44 24 20 ff 50 40 33 c0 48 89 44 24 20 48 89
0x00007ffadacd4cd6:   44 24 28 0f 10 44 24 20 0f 11 83 d8 02 00 00 48
0x00007ffadacd4ce6:   8b 5c 24 40 48 83 c4 30 5f c3 48 8b 49 40 48 8b
0x00007ffadacd4cf6:   01 48 ff 60 28 cc cc cc cc cc 80 3d 32 ed 96 00
0x00007ffadacd4d06:   00 48 8b c1 74 1b 8b 51 08 8b 0d 8b ac 8f 00 48
0x00007ffadacd4d16:   d3 e2 48 8b c8 48 03 15 76 ac 8f 00 e9 19 00 00
0x00007ffadacd4d26:   00 48 8b 51 08 48 8b c8 e9 0d 00 00 00 cc cc cc
0x00007ffadacd4d36:   cc cc cc cc cc cc cc cc cc cc 4c 8b c2 48 8b d1
0x00007ffadacd4d46:   45 8b 48 08 45 85 c9 7e 0e 41 f6 c1 01 75 56 41
0x00007ffadacd4d56:   c1 f9 03 49 63 c1 c3 79 4c 80 3d d3 ec 96 00 00
0x00007ffadacd4d66:   b8 0c 00 00 00 b9 10 00 00 00 0f 45 c8 8b 05 2b
0x00007ffadacd4d76:   d2 8f 00 ff c8 4c 63 c0 41 8b c1 48 c1 f8 10 48
0x00007ffadacd4d86:   63 14 11 41 8b c9 83 e1 3f 0f b6 c0 48 d3 e2 49
0x00007ffadacd4d96:   8d 0c 10 49 f7 d0 48 03 c1 49 c1 e8 03 48 c1 e8
0x00007ffadacd4da6:   03 49 23 c0 c3 49 8b 00 49 8b c8 48 ff a0 00 01
0x00007ffadacd4db6:   00 00 cc cc cc cc cc cc cc cc 48 8b c2 c3 cc cc
0x00007ffadacd4dc6:   cc cc cc cc cc cc cc cc cc cc 48 83 ec 38 0f 10
0x00007ffadacd4dd6:   02 48 8b 49 40 48 8d 54 24 20 0f 29 44 24 20 e8
0x00007ffadacd4de6:   06 f2 ff ff 48 83 c4 38 c3 cc 48 83 ec 38 0f 10
0x00007ffadacd4df6:   02 48 8b 01 48 8d 54 24 20 0f 29 44 24 20 ff 50
0x00007ffadacd4e06:   38 48 83 c4 38 c3 cc cc cc cc 8b 05 c2 00 96 00
0x00007ffadacd4e16:   c3 cc cc cc cc cc cc cc cc cc 48 89 5c 24 08 55
0x00007ffadacd4e26:   56 57 41 54 41 55 41 56 41 57 48 8d 6c 24 e0 48
0x00007ffadacd4e36:   81 ec 20 01 00 00 48 8b 05 55 42 93 00 48 33 c4 


Stack slot to memory mapping:
stack at sp + 0 slots: 0x00007ffadae33eab jvm.dll
stack at sp + 1 slots: 0x0000000000000001 is an unknown value
stack at sp + 2 slots: 0x0000000000000002 is an unknown value
stack at sp + 3 slots: 0x0000000088c40670 is an oop: [Ljava.lang.Class; 
{0x0000000088c40670} - klass: 'java/lang/Class'[]
 - length: 3
stack at sp + 4 slots: 0x0000000088de1a30 is an oop: java.lang.Thread 
{0x0000000088de1a30} - klass: 'java/lang/Thread'
 - ---- fields (total size 46 words):
 - private 'priority' 'I' @12  5
 - private 'eetop' 'J' @16  2738692170640 (a6c62390 27d)
 - private final 'stackSize' 'J' @24  0 (0 0)
 - private final 'tid' 'J' @32  140 (8c 0)
 - private volatile 'threadStatus' 'I' @40  657 (291)
 - private 'daemon' 'Z' @44  false
 - private volatile 'interrupted' 'Z' @45  false
 - private 'stillborn' 'Z' @46  false
 - private volatile 'name' 'Ljava/lang/String;' @48  "Cache worker for cache directory md-supplier (C:\Users\locdi\.gradle\caches\7.4\md-supplier)"{0x0000000088de1750} (88de1750)
 - private 'target' 'Ljava/lang/Runnable;' @52  a 'java/util/concurrent/ThreadPoolExecutor$Worker'{0x0000000088de1a00} (88de1a00)
 - private 'group' 'Ljava/lang/ThreadGroup;' @56  a 'java/lang/ThreadGroup'{0x00000000804ff840} (804ff840)
 - private 'contextClassLoader' 'Ljava/lang/ClassLoader;' @60  a 'org/gradle/internal/classloader/VisitableURLClassLoader'{0x0000000080500228} (80500228)
 - private 'inheritedAccessControlContext' 'Ljava/security/AccessControlContext;' @64  a 'java/security/AccessControlContext'{0x0000000088de1cd0} (88de1cd0)
 - 'threadLocals' 'Ljava/lang/ThreadLocal$ThreadLocalMap;' @68  a 'java/lang/ThreadLocal$ThreadLocalMap'{0x0000000088de7e50} (88de7e50)
 - 'inheritableThreadLocals' 'Ljava/lang/ThreadLocal$ThreadLocalMap;' @72  NULL (0)
 - volatile 'parkBlocker' 'Ljava/lang/Object;' @76  a 'java/util/concurrent/locks/AbstractQueuedSynchronizer$ConditionObject'{0x0000000088de1640} (88de1640)
 - private volatile 'blocker' 'Lsun/nio/ch/Interruptible;' @80  NULL (0)
 - private final 'blockerLock' 'Ljava/lang/Object;' @84  a 'java/lang/Object'{0x0000000088de1c10} (88de1c10)
 - private volatile 'uncaughtExceptionHandler' 'Ljava/lang/Thread$UncaughtExceptionHandler;' @88  NULL (0)
 - 'threadLocalRandomSeed' 'J' @224  0 (0 0)
 - 'threadLocalRandomProbe' 'I' @232  0
 - 'threadLocalRandomSecondarySeed' 'I' @236  0
stack at sp + 5 slots: 0x0000000088c362e8 is an oop: java.lang.Thread 
{0x0000000088c362e8} - klass: 'java/lang/Thread'
 - ---- fields (total size 46 words):
 - private 'priority' 'I' @12  5
 - private 'eetop' 'J' @16  2738692170640 (a6c62390 27d)
 - private final 'stackSize' 'J' @24  0 (0 0)
 - private final 'tid' 'J' @32  140 (8c 0)
 - private volatile 'threadStatus' 'I' @40  657 (291)
 - private 'daemon' 'Z' @44  false
 - private volatile 'interrupted' 'Z' @45  false
 - private 'stillborn' 'Z' @46  false
 - private volatile 'name' 'Ljava/lang/String;' @48  "Cache worker for cache directory md-supplier (C:\Users\locdi\.gradle\caches\7.4\md-supplier)"{0x000000008867b1d8} (8867b1d8)
 - private 'target' 'Ljava/lang/Runnable;' @52  a 'java/util/concurrent/ThreadPoolExecutor$Worker'{0x0000000088c36578} (88c36578)
 - private 'group' 'Ljava/lang/ThreadGroup;' @56  a 'java/lang/ThreadGroup'{0x00000000804ff840} (804ff840)
 - private 'contextClassLoader' 'Ljava/lang/ClassLoader;' @60  a 'org/gradle/internal/classloader/VisitableURLClassLoader'{0x0000000080500228} (80500228)
 - private 'inheritedAccessControlContext' 'Ljava/security/AccessControlContext;' @64  a 'java/security/AccessControlContext'{0x000000008867b178} (8867b178)
 - 'threadLocals' 'Ljava/lang/ThreadLocal$ThreadLocalMap;' @68  a 'java/lang/ThreadLocal$ThreadLocalMap'{0x00000000886489c8} (886489c8)
 - 'inheritableThreadLocals' 'Ljava/lang/ThreadLocal$ThreadLocalMap;' @72  NULL (0)
 - volatile 'parkBlocker' 'Ljava/lang/Object;' @76  a 'java/util/concurrent/locks/AbstractQueuedSynchronizer$ConditionObject'{0x0000000088c36478} (88c36478)
 - private volatile 'blocker' 'Lsun/nio/ch/Interruptible;' @80  NULL (0)
 - private final 'blockerLock' 'Ljava/lang/Object;' @84  a 'java/lang/Object'{0x000000008867b168} (8867b168)
 - private volatile 'uncaughtExceptionHandler' 'Ljava/lang/Thread$UncaughtExceptionHandler;' @88  NULL (0)
 - 'threadLocalRandomSeed' 'J' @224  0 (0 0)
 - 'threadLocalRandomProbe' 'I' @232  0
 - 'threadLocalRandomSecondarySeed' 'I' @236  0
stack at sp + 6 slots: 0x00007ffadb1e9f1f jvm.dll
stack at sp + 7 slots: 0x0000027dfd16a4e0 points into unknown readable memory: 0x0000000088a00000 | 00 00 a0 88 00 00 00 00


---------------  P R O C E S S  ---------------

Threads class SMR info:
_java_thread_list=0x0000027da3f21200, length=47, elements={
0x0000027dfd0c6610, 0x0000027d9cab71d0, 0x0000027d9cab7a80, 0x0000027d9cacebb0,
0x0000027d9cacf460, 0x0000027d9cacfd10, 0x0000027d9cad15d0, 0x0000027d9cad27c0,
0x0000027d9cad30b0, 0x0000027d9cadd6c0, 0x0000027da0de0700, 0x0000027da0de11f0,
0x0000027da2394ac0, 0x0000027da1fab2a0, 0x0000027da27e2c90, 0x0000027da27e6f70,
0x0000027da27e5290, 0x0000027da27e3f50, 0x0000027da27e4420, 0x0000027da27e5760,
0x0000027da2704300, 0x0000027da270a810, 0x0000027da27094d0, 0x0000027da270ace0,
0x0000027da27064b0, 0x0000027da2708190, 0x0000027da1afcab0, 0x0000027da6c23ec0,
0x0000027da0f2f140, 0x0000027da0f2cac0, 0x0000027da0f30950, 0x0000027da0f32630,
0x0000027da0f32fd0, 0x0000027da0f317c0, 0x0000027da0f32b00, 0x0000027da2708660,
0x0000027da6c636d0, 0x0000027da6c61ec0, 0x0000027da6c67560, 0x0000027da6c63ba0,
0x0000027da6c66bc0, 0x0000027da6c64a10, 0x0000027da6c619f0, 0x0000027da6c67090,
0x0000027da6c67a30, 0x0000027da6c653b0, 0x0000027da6c62390
}

Java Threads: ( => current thread )
  0x0000027dfd0c6610 JavaThread "main" [_thread_blocked, id=4196, stack(0x000000d07b800000,0x000000d07b900000)]
  0x0000027d9cab71d0 JavaThread "Reference Handler" daemon [_thread_blocked, id=14416, stack(0x000000d07bf00000,0x000000d07c000000)]
  0x0000027d9cab7a80 JavaThread "Finalizer" daemon [_thread_blocked, id=10160, stack(0x000000d07c000000,0x000000d07c100000)]
  0x0000027d9cacebb0 JavaThread "Signal Dispatcher" daemon [_thread_blocked, id=13076, stack(0x000000d07c100000,0x000000d07c200000)]
  0x0000027d9cacf460 JavaThread "Attach Listener" daemon [_thread_blocked, id=3068, stack(0x000000d07c200000,0x000000d07c300000)]
  0x0000027d9cacfd10 JavaThread "Service Thread" daemon [_thread_blocked, id=7988, stack(0x000000d07c300000,0x000000d07c400000)]
  0x0000027d9cad15d0 JavaThread "Monitor Deflation Thread" daemon [_thread_blocked, id=17000, stack(0x000000d07c400000,0x000000d07c500000)]
  0x0000027d9cad27c0 JavaThread "C2 CompilerThread0" daemon [_thread_blocked, id=9168, stack(0x000000d07c500000,0x000000d07c600000)]
  0x0000027d9cad30b0 JavaThread "C1 CompilerThread0" daemon [_thread_blocked, id=16740, stack(0x000000d07c600000,0x000000d07c700000)]
  0x0000027d9cadd6c0 JavaThread "Sweeper thread" daemon [_thread_blocked, id=228, stack(0x000000d07c700000,0x000000d07c800000)]
  0x0000027da0de0700 JavaThread "Common-Cleaner" daemon [_thread_blocked, id=12760, stack(0x000000d07c800000,0x000000d07c900000)]
  0x0000027da0de11f0 JavaThread "Notification Thread" daemon [_thread_blocked, id=11524, stack(0x000000d07c900000,0x000000d07ca00000)]
  0x0000027da2394ac0 JavaThread "Daemon health stats" [_thread_blocked, id=4496, stack(0x000000d07cb00000,0x000000d07cc00000)]
  0x0000027da1fab2a0 JavaThread "Incoming local TCP Connector on port 51134" [_thread_in_native, id=16040, stack(0x000000d07cf00000,0x000000d07d000000)]
  0x0000027da27e2c90 JavaThread "Daemon periodic checks" [_thread_blocked, id=2680, stack(0x000000d07d000000,0x000000d07d100000)]
  0x0000027da27e6f70 JavaThread "Cache worker for journal cache (C:\Users\locdi\.gradle\caches\journal-1)" [_thread_blocked, id=7932, stack(0x000000d07d900000,0x000000d07da00000)]
  0x0000027da27e5290 JavaThread "File lock request listener" [_thread_in_native, id=9556, stack(0x000000d07da00000,0x000000d07db00000)]
  0x0000027da27e3f50 JavaThread "Cache worker for file hash cache (C:\Users\locdi\.gradle\caches\7.4\fileHashes)" [_thread_blocked, id=244, stack(0x000000d07db00000,0x000000d07dc00000)]
  0x0000027da27e4420 JavaThread "File watcher server" daemon [_thread_blocked, id=10736, stack(0x000000d07dc00000,0x000000d07dd00000)]
  0x0000027da27e5760 JavaThread "File watcher consumer" daemon [_thread_blocked, id=15944, stack(0x000000d07dd00000,0x000000d07de00000)]
  0x0000027da2704300 JavaThread "Cache worker for execution history cache (C:\Users\locdi\.gradle\caches\7.4\executionHistory)" [_thread_blocked, id=16388, stack(0x000000d07e200000,0x000000d07e300000)]
  0x0000027da270a810 JavaThread "jar transforms" [_thread_blocked, id=11276, stack(0x000000d07e300000,0x000000d07e400000)]
  0x0000027da27094d0 JavaThread "jar transforms Thread 2" [_thread_blocked, id=1544, stack(0x000000d07e400000,0x000000d07e500000)]
  0x0000027da270ace0 JavaThread "Cache worker for file content cache (C:\Users\locdi\.gradle\caches\7.4\fileContent)" [_thread_blocked, id=3076, stack(0x000000d07e700000,0x000000d07e800000)]
  0x0000027da27064b0 JavaThread "jar transforms Thread 3" [_thread_blocked, id=6492, stack(0x000000d07e800000,0x000000d07e900000)]
  0x0000027da2708190 JavaThread "jar transforms Thread 4" [_thread_blocked, id=15076, stack(0x000000d07e900000,0x000000d07ea00000)]
  0x0000027da1afcab0 JavaThread "Memory manager" [_thread_blocked, id=2140, stack(0x000000d001600000,0x000000d001700000)]
  0x0000027da6c23ec0 JavaThread "pool-3-thread-1" [_thread_blocked, id=17256, stack(0x000000d001900000,0x000000d001a00000)]
  0x0000027da0f2f140 JavaThread "RMI Scheduler(0)" daemon [_thread_blocked, id=8056, stack(0x000000d002800000,0x000000d002900000)]
  0x0000027da0f2cac0 JavaThread "RMI RenewClean-[127.0.0.1:17220,org.jetbrains.kotlin.daemon.common.LoopbackNetworkInterface$ClientLoopbackSocketFactory@454b26f4]" daemon [_thread_blocked, id=8212, stack(0x000000d002900000,0x000000d002a00000)]
  0x0000027da0f30950 JavaThread "RMI GC Daemon" daemon [_thread_blocked, id=4316, stack(0x000000d002a00000,0x000000d002b00000)]
  0x0000027da0f32630 JavaThread "RMI TCP Accept-0" daemon [_thread_in_native, id=12004, stack(0x000000d002b00000,0x000000d002c00000)]
  0x0000027da0f32fd0 JavaThread "RMI Reaper" [_thread_blocked, id=10748, stack(0x000000d002c00000,0x000000d002d00000)]
  0x0000027da0f317c0 JavaThread "RMI TCP Connection(idle)" daemon [_thread_blocked, id=16420, stack(0x000000d002d00000,0x000000d002e00000)]
  0x0000027da0f32b00 JavaThread "Cache worker for Java compile cache (C:\Users\locdi\.gradle\caches\7.4\javaCompile)" [_thread_blocked, id=3988, stack(0x000000d002e00000,0x000000d002f00000)]
  0x0000027da2708660 JavaThread "RMI TCP Connection(idle)" daemon [_thread_blocked, id=12828, stack(0x000000d003500000,0x000000d003600000)]
  0x0000027da6c636d0 JavaThread "Daemon Thread 2" [_thread_blocked, id=15424, stack(0x000000d000000000,0x000000d000100000)]
  0x0000027da6c61ec0 JavaThread "Handler for socket connection from /127.0.0.1:51134 to /127.0.0.1:51157" [_thread_in_native, id=16508, stack(0x000000d000100000,0x000000d000200000)]
  0x0000027da6c67560 JavaThread "Cancel handler" [_thread_blocked, id=15392, stack(0x000000d000200000,0x000000d000300000)]
  0x0000027da6c63ba0 JavaThread "Daemon worker Thread 2" [_thread_blocked, id=3808, stack(0x000000d000300000,0x000000d000400000)]
  0x0000027da6c66bc0 JavaThread "Asynchronous log dispatcher for DefaultDaemonConnection: socket connection from /127.0.0.1:51134 to /127.0.0.1:51157" [_thread_blocked, id=13972, stack(0x000000d000400000,0x000000d000500000)]
  0x0000027da6c64a10 JavaThread "Stdin handler" [_thread_blocked, id=17132, stack(0x000000d000500000,0x000000d000600000)]
  0x0000027da6c619f0 JavaThread "Daemon client event forwarder" [_thread_blocked, id=3324, stack(0x000000d000600000,0x000000d000700000)]
  0x0000027da6c67090 JavaThread "Cache worker for checksums cache (E:\Android_Studio_Projects\Kotlin\TipTime\.gradle\7.4\checksums)" [_thread_blocked, id=10876, stack(0x000000d000700000,0x000000d000800000)]
  0x0000027da6c67a30 JavaThread "Cache worker for cache directory md-rule (C:\Users\locdi\.gradle\caches\7.4\md-rule)" [_thread_blocked, id=9684, stack(0x000000d000800000,0x000000d000900000)]
  0x0000027da6c653b0 JavaThread "Cache worker for file hash cache (E:\Android_Studio_Projects\Kotlin\TipTime\.gradle\7.4\fileHashes)" [_thread_blocked, id=8260, stack(0x000000d000900000,0x000000d000a00000)]
  0x0000027da6c62390 JavaThread "Cache worker for cache directory md-supplier (C:\Users\locdi\.gradle\caches\7.4\md-supplier)" [_thread_blocked, id=13236, stack(0x000000d000a00000,0x000000d000b00000)]

Other Threads:
  0x0000027d9caaea40 VMThread "VM Thread" [stack: 0x000000d07be00000,0x000000d07bf00000] [id=4684]
  0x0000027da0de36c0 WatcherThread "VM Periodic Task Thread" [stack: 0x000000d07ca00000,0x000000d07cb00000] [id=15144]
  0x0000027dfd1223c0 WorkerThread "GC Thread#0" [stack: 0x000000d07b900000,0x000000d07ba00000] [id=5752]
  0x0000027da13c5250 WorkerThread "GC Thread#1" [stack: 0x000000d07cc00000,0x000000d07cd00000] [id=16880]
=>0x0000027da14a6c30 WorkerThread "GC Thread#2" [stack: 0x000000d07cd00000,0x000000d07ce00000] [id=944]
  0x0000027da14a6ed0 WorkerThread "GC Thread#3" [stack: 0x000000d07ce00000,0x000000d07cf00000] [id=672]
  0x0000027dfd1330a0 ConcurrentGCThread "G1 Main Marker" [stack: 0x000000d07ba00000,0x000000d07bb00000] [id=16504]
  0x0000027dfd133fe0 WorkerThread "G1 Conc#0" [stack: 0x000000d07bb00000,0x000000d07bc00000] [id=13216]
  0x0000027dfd185960 ConcurrentGCThread "G1 Refine#0" [stack: 0x000000d07bc00000,0x000000d07bd00000] [id=12496]
  0x0000027da11ca430 ConcurrentGCThread "G1 Refine#1" [stack: 0x000000d07e500000,0x000000d07e600000] [id=15320]
  0x0000027da11c9bc0 ConcurrentGCThread "G1 Refine#2" [stack: 0x000000d07e600000,0x000000d07e700000] [id=17172]
  0x0000027da11c98f0 ConcurrentGCThread "G1 Refine#3" [stack: 0x000000d07ea00000,0x000000d07eb00000] [id=17396]
  0x0000027dfd187030 ConcurrentGCThread "G1 Service" [stack: 0x000000d07bd00000,0x000000d07be00000] [id=11044]

Threads with active compile tasks:
C2 CompilerThread0   156829 16133       4       org.gradle.internal.service.DefaultServiceRegistry$SingletonService::get (5 bytes)
C1 CompilerThread0   156829 16143       3       java.lang.String::encode (48 bytes)

VM state: at safepoint (normal execution)

VM Mutex/Monitor currently owned by a thread:  ([mutex/lock_event])
[0x0000027dfd0c5c40] Threads_lock - owner thread: 0x0000027d9caaea40
[0x0000027dfd0c5f10] Heap_lock - owner thread: 0x0000027da6c63ba0

Heap address: 0x0000000080000000, size: 2048 MB, Compressed Oops mode: 32-bit

CDS archive(s) mapped at: [0x0000000800000000-0x0000000800ba0000-0x0000000800ba0000), size 12189696, SharedBaseAddress: 0x0000000800000000, ArchiveRelocationMode: 0.
Compressed class space mapped at: 0x0000000800c00000-0x0000000840c00000, reserved size: 1073741824
Narrow klass base: 0x0000000800000000, Narrow klass shift: 0, Narrow klass range: 0x100000000

GC Precious Log:
 CardTable entry size: 512
 Card Set container configuration: InlinePtr #cards 5 size 8 Array Of Cards #cards 12 size 40 Howl #buckets 4 coarsen threshold 1843 Howl Bitmap #cards 512 size 80 coarsen threshold 460 Card regions per heap region 1 cards per card region 2048
 CPUs: 4 total, 4 available
 Memory: 12169M
 Large Page Support: Disabled
 NUMA Support: Disabled
 Compressed Oops: Enabled (32-bit)
 Heap Region Size: 1M
 Heap Min Capacity: 8M
 Heap Initial Capacity: 192M
 Heap Max Capacity: 2G
 Pre-touch: Disabled
 Parallel Workers: 4
 Concurrent Workers: 1
 Concurrent Refinement Workers: 4
 Periodic GC: Disabled

Heap:
 garbage-first heap   total 175104K, used 152095K [0x0000000080000000, 0x0000000100000000)
  region size 1024K, 34 young (34816K), 4 survivors (4096K)
 Metaspace       used 106315K, committed 108480K, reserved 1179648K
  class space    used 14050K, committed 15168K, reserved 1048576K

Heap Regions: E=young(eden), S=young(survivor), O=old, HS=humongous(starts), HC=humongous(continues), CS=collection set, F=free, OA=open archive, CA=closed archive, TAMS=top-at-mark-start (previous, next)
|   0|0x0000000080000000, 0x0000000080100000, 0x0000000080100000|100%|HS|  |TAMS 0x0000000080100000, 0x0000000080000000| Complete 
|   1|0x0000000080100000, 0x0000000080200000, 0x0000000080200000|100%|HC|  |TAMS 0x0000000080200000, 0x0000000080100000| Complete 
|   2|0x0000000080200000, 0x0000000080300000, 0x0000000080300000|100%|HC|  |TAMS 0x0000000080300000, 0x0000000080200000| Complete 
|   3|0x0000000080300000, 0x0000000080400000, 0x0000000080400000|100%| O|  |TAMS 0x0000000080400000, 0x0000000080300000| Untracked 
|   4|0x0000000080400000, 0x0000000080500000, 0x0000000080500000|100%| O|  |TAMS 0x0000000080500000, 0x0000000080400000| Untracked 
|   5|0x0000000080500000, 0x0000000080600000, 0x0000000080600000|100%| O|  |TAMS 0x0000000080600000, 0x0000000080500000| Untracked 
|   6|0x0000000080600000, 0x0000000080700000, 0x0000000080700000|100%| O|  |TAMS 0x0000000080700000, 0x0000000080600000| Untracked 
|   7|0x0000000080700000, 0x0000000080800000, 0x0000000080800000|100%| O|  |TAMS 0x0000000080800000, 0x0000000080700000| Untracked 
|   8|0x0000000080800000, 0x0000000080900000, 0x0000000080900000|100%| O|  |TAMS 0x0000000080900000, 0x0000000080800000| Untracked 
|   9|0x0000000080900000, 0x0000000080a00000, 0x0000000080a00000|100%| O|  |TAMS 0x0000000080a00000, 0x0000000080900000| Untracked 
|  10|0x0000000080a00000, 0x0000000080b00000, 0x0000000080b00000|100%| O|  |TAMS 0x0000000080b00000, 0x0000000080a00000| Untracked 
|  11|0x0000000080b00000, 0x0000000080c00000, 0x0000000080c00000|100%| O|  |TAMS 0x0000000080c00000, 0x0000000080b00000| Untracked 
|  12|0x0000000080c00000, 0x0000000080d00000, 0x0000000080d00000|100%| O|  |TAMS 0x0000000080d00000, 0x0000000080c00000| Untracked 
|  13|0x0000000080d00000, 0x0000000080e00000, 0x0000000080e00000|100%| O|  |TAMS 0x0000000080e00000, 0x0000000080d00000| Untracked 
|  14|0x0000000080e00000, 0x0000000080f00000, 0x0000000080f00000|100%| O|  |TAMS 0x0000000080f00000, 0x0000000080e00000| Untracked 
|  15|0x0000000080f00000, 0x0000000081000000, 0x0000000081000000|100%| O|  |TAMS 0x0000000080f00000, 0x0000000080f00000| Untracked 
|  16|0x0000000081000000, 0x0000000081100000, 0x0000000081100000|100%| O|  |TAMS 0x0000000081100000, 0x0000000081000000| Untracked 
|  17|0x0000000081100000, 0x0000000081200000, 0x0000000081200000|100%| O|  |TAMS 0x0000000081200000, 0x0000000081100000| Untracked 
|  18|0x0000000081200000, 0x0000000081300000, 0x0000000081300000|100%| O|  |TAMS 0x0000000081300000, 0x0000000081200000| Untracked 
|  19|0x0000000081300000, 0x0000000081400000, 0x0000000081400000|100%| O|  |TAMS 0x0000000081400000, 0x0000000081300000| Untracked 
|  20|0x0000000081400000, 0x0000000081500000, 0x0000000081500000|100%| O|  |TAMS 0x0000000081500000, 0x0000000081400000| Untracked 
|  21|0x0000000081500000, 0x0000000081600000, 0x0000000081600000|100%| O|  |TAMS 0x0000000081600000, 0x0000000081500000| Untracked 
|  22|0x0000000081600000, 0x0000000081700000, 0x0000000081700000|100%| O|  |TAMS 0x0000000081700000, 0x0000000081600000| Untracked 
|  23|0x0000000081700000, 0x0000000081800000, 0x0000000081800000|100%| O|  |TAMS 0x0000000081800000, 0x0000000081700000| Untracked 
|  24|0x0000000081800000, 0x0000000081900000, 0x0000000081900000|100%| O|  |TAMS 0x0000000081900000, 0x0000000081800000| Untracked 
|  25|0x0000000081900000, 0x0000000081a00000, 0x0000000081a00000|100%| O|  |TAMS 0x0000000081a00000, 0x0000000081900000| Untracked 
|  26|0x0000000081a00000, 0x0000000081b00000, 0x0000000081b00000|100%| O|  |TAMS 0x0000000081b00000, 0x0000000081a00000| Untracked 
|  27|0x0000000081b00000, 0x0000000081c00000, 0x0000000081c00000|100%| O|  |TAMS 0x0000000081c00000, 0x0000000081b00000| Untracked 
|  28|0x0000000081c00000, 0x0000000081d00000, 0x0000000081d00000|100%| O|  |TAMS 0x0000000081d00000, 0x0000000081c00000| Untracked 
|  29|0x0000000081d00000, 0x0000000081e00000, 0x0000000081e00000|100%| O|  |TAMS 0x0000000081e00000, 0x0000000081d00000| Untracked 
|  30|0x0000000081e00000, 0x0000000081f00000, 0x0000000081f00000|100%| O|  |TAMS 0x0000000081f00000, 0x0000000081e00000| Untracked 
|  31|0x0000000081f00000, 0x0000000082000000, 0x0000000082000000|100%| O|  |TAMS 0x0000000082000000, 0x0000000081f00000| Untracked 
|  32|0x0000000082000000, 0x0000000082100000, 0x0000000082100000|100%| O|  |TAMS 0x0000000082100000, 0x0000000082000000| Untracked 
|  33|0x0000000082100000, 0x0000000082200000, 0x0000000082200000|100%| O|  |TAMS 0x0000000082200000, 0x0000000082100000| Untracked 
|  34|0x0000000082200000, 0x0000000082300000, 0x0000000082300000|100%| O|  |TAMS 0x0000000082300000, 0x0000000082200000| Untracked 
|  35|0x0000000082300000, 0x0000000082400000, 0x0000000082400000|100%| O|  |TAMS 0x0000000082400000, 0x0000000082300000| Untracked 
|  36|0x0000000082400000, 0x0000000082500000, 0x0000000082500000|100%| O|  |TAMS 0x0000000082500000, 0x0000000082400000| Untracked 
|  37|0x0000000082500000, 0x0000000082600000, 0x0000000082600000|100%| O|  |TAMS 0x0000000082600000, 0x0000000082500000| Untracked 
|  38|0x0000000082600000, 0x0000000082700000, 0x0000000082700000|100%| O|  |TAMS 0x0000000082700000, 0x0000000082600000| Untracked 
|  39|0x0000000082700000, 0x0000000082800000, 0x0000000082800000|100%| O|  |TAMS 0x0000000082800000, 0x0000000082700000| Untracked 
|  40|0x0000000082800000, 0x0000000082900000, 0x0000000082900000|100%| O|  |TAMS 0x0000000082900000, 0x0000000082800000| Untracked 
|  41|0x0000000082900000, 0x0000000082a00000, 0x0000000082a00000|100%| O|  |TAMS 0x0000000082a00000, 0x0000000082900000| Untracked 
|  42|0x0000000082a00000, 0x0000000082b00000, 0x0000000082b00000|100%| O|  |TAMS 0x0000000082b00000, 0x0000000082a00000| Untracked 
|  43|0x0000000082b00000, 0x0000000082c00000, 0x0000000082c00000|100%|HS|  |TAMS 0x0000000082c00000, 0x0000000082b00000| Complete 
|  44|0x0000000082c00000, 0x0000000082d00000, 0x0000000082d00000|100%|HS|  |TAMS 0x0000000082d00000, 0x0000000082c00000| Complete 
|  45|0x0000000082d00000, 0x0000000082e00000, 0x0000000082e00000|100%|HS|  |TAMS 0x0000000082e00000, 0x0000000082d00000| Complete 
|  46|0x0000000082e00000, 0x0000000082f00000, 0x0000000082f00000|100%|HS|  |TAMS 0x0000000082f00000, 0x0000000082e00000| Complete 
|  47|0x0000000082f00000, 0x0000000083000000, 0x0000000083000000|100%|HC|  |TAMS 0x0000000083000000, 0x0000000082f00000| Complete 
|  48|0x0000000083000000, 0x0000000083100000, 0x0000000083100000|100%|HC|  |TAMS 0x0000000083100000, 0x0000000083000000| Complete 
|  49|0x0000000083100000, 0x0000000083200000, 0x0000000083200000|100%| O|  |TAMS 0x0000000083200000, 0x0000000083100000| Untracked 
|  50|0x0000000083200000, 0x0000000083300000, 0x0000000083300000|100%|HS|  |TAMS 0x0000000083300000, 0x0000000083200000| Complete 
|  51|0x0000000083300000, 0x0000000083400000, 0x0000000083400000|100%|HC|  |TAMS 0x0000000083400000, 0x0000000083300000| Complete 
|  52|0x0000000083400000, 0x0000000083500000, 0x0000000083500000|100%| O|  |TAMS 0x0000000083500000, 0x0000000083400000| Untracked 
|  53|0x0000000083500000, 0x0000000083600000, 0x0000000083600000|100%| O|  |TAMS 0x0000000083600000, 0x0000000083500000| Untracked 
|  54|0x0000000083600000, 0x0000000083700000, 0x0000000083700000|100%| O|  |TAMS 0x0000000083700000, 0x0000000083600000| Untracked 
|  55|0x0000000083700000, 0x0000000083800000, 0x0000000083800000|100%| O|  |TAMS 0x0000000083800000, 0x0000000083700000| Untracked 
|  56|0x0000000083800000, 0x0000000083900000, 0x0000000083900000|100%| O|  |TAMS 0x0000000083900000, 0x0000000083800000| Untracked 
|  57|0x0000000083900000, 0x0000000083a00000, 0x0000000083a00000|100%| O|  |TAMS 0x0000000083a00000, 0x0000000083900000| Untracked 
|  58|0x0000000083a00000, 0x0000000083b00000, 0x0000000083b00000|100%| O|  |TAMS 0x0000000083b00000, 0x0000000083a00000| Untracked 
|  59|0x0000000083b00000, 0x0000000083c00000, 0x0000000083c00000|100%| O|  |TAMS 0x0000000083c00000, 0x0000000083b00000| Untracked 
|  60|0x0000000083c00000, 0x0000000083d00000, 0x0000000083d00000|100%| O|  |TAMS 0x0000000083d00000, 0x0000000083c00000| Untracked 
|  61|0x0000000083d00000, 0x0000000083e00000, 0x0000000083e00000|100%| O|  |TAMS 0x0000000083e00000, 0x0000000083d00000| Untracked 
|  62|0x0000000083e00000, 0x0000000083f00000, 0x0000000083f00000|100%| O|  |TAMS 0x0000000083f00000, 0x0000000083e00000| Untracked 
|  63|0x0000000083f00000, 0x0000000084000000, 0x0000000084000000|100%| O|  |TAMS 0x0000000084000000, 0x0000000083f00000| Untracked 
|  64|0x0000000084000000, 0x0000000084100000, 0x0000000084100000|100%| O|  |TAMS 0x0000000084100000, 0x0000000084000000| Untracked 
|  65|0x0000000084100000, 0x0000000084200000, 0x0000000084200000|100%| O|  |TAMS 0x0000000084200000, 0x0000000084100000| Untracked 
|  66|0x0000000084200000, 0x0000000084300000, 0x0000000084300000|100%| O|  |TAMS 0x0000000084300000, 0x0000000084200000| Untracked 
|  67|0x0000000084300000, 0x0000000084400000, 0x0000000084400000|100%| O|  |TAMS 0x0000000084400000, 0x0000000084300000| Untracked 
|  68|0x0000000084400000, 0x0000000084500000, 0x0000000084500000|100%| O|  |TAMS 0x0000000084500000, 0x0000000084400000| Untracked 
|  69|0x0000000084500000, 0x0000000084600000, 0x0000000084600000|100%| O|  |TAMS 0x0000000084500000, 0x0000000084500000| Untracked 
|  70|0x0000000084600000, 0x0000000084700000, 0x0000000084700000|100%| O|  |TAMS 0x0000000084700000, 0x0000000084600000| Untracked 
|  71|0x0000000084700000, 0x0000000084800000, 0x0000000084800000|100%| O|  |TAMS 0x0000000084800000, 0x0000000084700000| Untracked 
|  72|0x0000000084800000, 0x0000000084900000, 0x0000000084900000|100%| O|  |TAMS 0x0000000084900000, 0x0000000084800000| Untracked 
|  73|0x0000000084900000, 0x0000000084a00000, 0x0000000084a00000|100%| O|  |TAMS 0x0000000084990c00, 0x0000000084900000| Untracked 
|  74|0x0000000084a00000, 0x0000000084b00000, 0x0000000084b00000|100%| O|  |TAMS 0x0000000084a00000, 0x0000000084a00000| Untracked 
|  75|0x0000000084b00000, 0x0000000084c00000, 0x0000000084c00000|100%| O|  |TAMS 0x0000000084b00000, 0x0000000084b00000| Untracked 
|  76|0x0000000084c00000, 0x0000000084d00000, 0x0000000084d00000|100%| O|  |TAMS 0x0000000084c00000, 0x0000000084c00000| Untracked 
|  77|0x0000000084d00000, 0x0000000084e00000, 0x0000000084e00000|100%| O|  |TAMS 0x0000000084d00000, 0x0000000084d00000| Untracked 
|  78|0x0000000084e00000, 0x0000000084f00000, 0x0000000084f00000|100%| O|  |TAMS 0x0000000084e00000, 0x0000000084e00000| Untracked 
|  79|0x0000000084f00000, 0x0000000085000000, 0x0000000085000000|100%| O|  |TAMS 0x0000000084f00000, 0x0000000084f00000| Untracked 
|  80|0x0000000085000000, 0x0000000085100000, 0x0000000085100000|100%| O|  |TAMS 0x0000000085000000, 0x0000000085000000| Untracked 
|  81|0x0000000085100000, 0x0000000085200000, 0x0000000085200000|100%| O|  |TAMS 0x0000000085100000, 0x0000000085100000| Untracked 
|  82|0x0000000085200000, 0x0000000085300000, 0x0000000085300000|100%| O|  |TAMS 0x0000000085200000, 0x0000000085200000| Untracked 
|  83|0x0000000085300000, 0x0000000085400000, 0x0000000085400000|100%| O|  |TAMS 0x0000000085300000, 0x0000000085300000| Untracked 
|  84|0x0000000085400000, 0x0000000085500000, 0x0000000085500000|100%| O|  |TAMS 0x0000000085400000, 0x0000000085400000| Untracked 
|  85|0x0000000085500000, 0x0000000085600000, 0x0000000085600000|100%| O|  |TAMS 0x0000000085500000, 0x0000000085500000| Untracked 
|  86|0x0000000085600000, 0x0000000085700000, 0x0000000085700000|100%| O|  |TAMS 0x0000000085600000, 0x0000000085600000| Untracked 
|  87|0x0000000085700000, 0x0000000085800000, 0x0000000085800000|100%| O|  |TAMS 0x0000000085700000, 0x0000000085700000| Untracked 
|  88|0x0000000085800000, 0x0000000085900000, 0x0000000085900000|100%| O|  |TAMS 0x0000000085800000, 0x0000000085800000| Untracked 
|  89|0x0000000085900000, 0x0000000085a00000, 0x0000000085a00000|100%| O|  |TAMS 0x0000000085900000, 0x0000000085900000| Untracked 
|  90|0x0000000085a00000, 0x0000000085b00000, 0x0000000085b00000|100%| O|  |TAMS 0x0000000085a00000, 0x0000000085a00000| Untracked 
|  91|0x0000000085b00000, 0x0000000085c00000, 0x0000000085c00000|100%| O|  |TAMS 0x0000000085b00000, 0x0000000085b00000| Untracked 
|  92|0x0000000085c00000, 0x0000000085d00000, 0x0000000085d00000|100%| O|  |TAMS 0x0000000085c00000, 0x0000000085c00000| Untracked 
|  93|0x0000000085d00000, 0x0000000085e00000, 0x0000000085e00000|100%| O|  |TAMS 0x0000000085d00000, 0x0000000085d00000| Untracked 
|  94|0x0000000085e00000, 0x0000000085f00000, 0x0000000085f00000|100%| O|  |TAMS 0x0000000085e00000, 0x0000000085e00000| Untracked 
|  95|0x0000000085f00000, 0x0000000086000000, 0x0000000086000000|100%| O|  |TAMS 0x0000000085f00000, 0x0000000085f00000| Untracked 
|  96|0x0000000086000000, 0x0000000086100000, 0x0000000086100000|100%| O|  |TAMS 0x0000000086000000, 0x0000000086000000| Untracked 
|  97|0x0000000086100000, 0x0000000086200000, 0x0000000086200000|100%| O|  |TAMS 0x0000000086100000, 0x0000000086100000| Untracked 
|  98|0x0000000086200000, 0x0000000086300000, 0x0000000086300000|100%| O|  |TAMS 0x0000000086200000, 0x0000000086200000| Untracked 
|  99|0x0000000086300000, 0x0000000086400000, 0x0000000086400000|100%| O|  |TAMS 0x0000000086300000, 0x0000000086300000| Untracked 
| 100|0x0000000086400000, 0x0000000086500000, 0x0000000086500000|100%| O|  |TAMS 0x0000000086400000, 0x0000000086400000| Untracked 
| 101|0x0000000086500000, 0x0000000086600000, 0x0000000086600000|100%| O|  |TAMS 0x0000000086500000, 0x0000000086500000| Untracked 
| 102|0x0000000086600000, 0x0000000086700000, 0x0000000086700000|100%| O|  |TAMS 0x0000000086600000, 0x0000000086600000| Untracked 
| 103|0x0000000086700000, 0x0000000086800000, 0x0000000086800000|100%| O|  |TAMS 0x0000000086700000, 0x0000000086700000| Untracked 
| 104|0x0000000086800000, 0x0000000086900000, 0x0000000086900000|100%| O|  |TAMS 0x0000000086800000, 0x0000000086800000| Untracked 
| 105|0x0000000086900000, 0x0000000086a00000, 0x0000000086a00000|100%| O|  |TAMS 0x0000000086900000, 0x0000000086900000| Untracked 
| 106|0x0000000086a00000, 0x0000000086b00000, 0x0000000086b00000|100%| O|  |TAMS 0x0000000086a00000, 0x0000000086a00000| Untracked 
| 107|0x0000000086b00000, 0x0000000086c00000, 0x0000000086c00000|100%| O|  |TAMS 0x0000000086b00000, 0x0000000086b00000| Untracked 
| 108|0x0000000086c00000, 0x0000000086d00000, 0x0000000086d00000|100%| O|  |TAMS 0x0000000086c00000, 0x0000000086c00000| Untracked 
| 109|0x0000000086d00000, 0x0000000086e00000, 0x0000000086e00000|100%| O|  |TAMS 0x0000000086d00000, 0x0000000086d00000| Untracked 
| 110|0x0000000086e00000, 0x0000000086f00000, 0x0000000086f00000|100%| O|  |TAMS 0x0000000086e00000, 0x0000000086e00000| Untracked 
| 111|0x0000000086f00000, 0x0000000087000000, 0x0000000087000000|100%| O|  |TAMS 0x0000000086f00000, 0x0000000086f00000| Untracked 
| 112|0x0000000087000000, 0x0000000087100000, 0x0000000087100000|100%| O|  |TAMS 0x0000000087000000, 0x0000000087000000| Untracked 
| 113|0x0000000087100000, 0x0000000087200000, 0x0000000087200000|100%| O|  |TAMS 0x0000000087100000, 0x0000000087100000| Untracked 
| 114|0x0000000087200000, 0x0000000087300000, 0x0000000087300000|100%| O|  |TAMS 0x0000000087200000, 0x0000000087200000| Untracked 
| 115|0x0000000087300000, 0x00000000873f8400, 0x0000000087400000| 96%| O|  |TAMS 0x0000000087300000, 0x0000000087300000| Untracked 
| 116|0x0000000087400000, 0x0000000087400000, 0x0000000087500000|  0%| F|  |TAMS 0x0000000087400000, 0x0000000087400000| Untracked 
| 117|0x0000000087500000, 0x0000000087500000, 0x0000000087600000|  0%| F|  |TAMS 0x0000000087500000, 0x0000000087500000| Untracked 
| 118|0x0000000087600000, 0x0000000087600000, 0x0000000087700000|  0%| F|  |TAMS 0x0000000087600000, 0x0000000087600000| Untracked 
| 119|0x0000000087700000, 0x0000000087700000, 0x0000000087800000|  0%| F|  |TAMS 0x0000000087700000, 0x0000000087700000| Untracked 
| 120|0x0000000087800000, 0x0000000087800000, 0x0000000087900000|  0%| F|  |TAMS 0x0000000087800000, 0x0000000087800000| Untracked 
| 121|0x0000000087900000, 0x0000000087900000, 0x0000000087a00000|  0%| F|  |TAMS 0x0000000087900000, 0x0000000087900000| Untracked 
| 122|0x0000000087a00000, 0x0000000087a00000, 0x0000000087b00000|  0%| F|  |TAMS 0x0000000087a00000, 0x0000000087a00000| Untracked 
| 123|0x0000000087b00000, 0x0000000087b00000, 0x0000000087c00000|  0%| F|  |TAMS 0x0000000087b00000, 0x0000000087b00000| Untracked 
| 124|0x0000000087c00000, 0x0000000087c00000, 0x0000000087d00000|  0%| F|  |TAMS 0x0000000087c00000, 0x0000000087c00000| Untracked 
| 125|0x0000000087d00000, 0x0000000087d00000, 0x0000000087e00000|  0%| F|  |TAMS 0x0000000087d00000, 0x0000000087d00000| Untracked 
| 126|0x0000000087e00000, 0x0000000087e00000, 0x0000000087f00000|  0%| F|  |TAMS 0x0000000087e00000, 0x0000000087e00000| Untracked 
| 127|0x0000000087f00000, 0x0000000087f00000, 0x0000000088000000|  0%| F|  |TAMS 0x0000000087f00000, 0x0000000087f00000| Untracked 
| 128|0x0000000088000000, 0x0000000088000000, 0x0000000088100000|  0%| F|  |TAMS 0x0000000088000000, 0x0000000088000000| Untracked 
| 129|0x0000000088100000, 0x0000000088100000, 0x0000000088200000|  0%| F|  |TAMS 0x0000000088100000, 0x0000000088100000| Untracked 
| 130|0x0000000088200000, 0x0000000088200000, 0x0000000088300000|  0%| F|  |TAMS 0x0000000088200000, 0x0000000088200000| Untracked 
| 131|0x0000000088300000, 0x0000000088300000, 0x0000000088400000|  0%| F|  |TAMS 0x0000000088300000, 0x0000000088300000| Untracked 
| 132|0x0000000088400000, 0x0000000088400000, 0x0000000088500000|  0%| F|  |TAMS 0x0000000088400000, 0x0000000088400000| Untracked 
| 133|0x0000000088500000, 0x0000000088500000, 0x0000000088600000|  0%| F|  |TAMS 0x0000000088500000, 0x0000000088500000| Untracked 
| 134|0x0000000088600000, 0x00000000886a18b0, 0x0000000088700000| 63%| S|  |TAMS 0x0000000088600000, 0x0000000088600000| Complete 
| 135|0x0000000088700000, 0x000000008878fa38, 0x0000000088800000| 56%| E|CS|TAMS 0x0000000088700000, 0x0000000088700000| Complete 
| 136|0x0000000088800000, 0x0000000088900000, 0x0000000088900000|100%| E|CS|TAMS 0x0000000088800000, 0x0000000088800000| Complete 
| 137|0x0000000088900000, 0x0000000088a00000, 0x0000000088a00000|100%| S|  |TAMS 0x0000000088900000, 0x0000000088900000| Complete 
| 138|0x0000000088a00000, 0x0000000088b00000, 0x0000000088b00000|100%| E|CS|TAMS 0x0000000088a00000, 0x0000000088a00000| Complete 
| 139|0x0000000088b00000, 0x0000000088c00000, 0x0000000088c00000|100%| S|  |TAMS 0x0000000088b00000, 0x0000000088b00000| Complete 
| 140|0x0000000088c00000, 0x0000000088d00000, 0x0000000088d00000|100%| S|  |TAMS 0x0000000088c00000, 0x0000000088c00000| Complete 
| 141|0x0000000088d00000, 0x0000000088e00000, 0x0000000088e00000|100%| E|CS|TAMS 0x0000000088d00000, 0x0000000088d00000| Complete 
| 142|0x0000000088e00000, 0x0000000088f00000, 0x0000000088f00000|100%| E|CS|TAMS 0x0000000088e00000, 0x0000000088e00000| Complete 
| 143|0x0000000088f00000, 0x0000000089000000, 0x0000000089000000|100%| E|CS|TAMS 0x0000000088f00000, 0x0000000088f00000| Complete 
| 144|0x0000000089000000, 0x0000000089100000, 0x0000000089100000|100%| E|CS|TAMS 0x0000000089000000, 0x0000000089000000| Complete 
| 145|0x0000000089100000, 0x0000000089200000, 0x0000000089200000|100%| E|CS|TAMS 0x0000000089100000, 0x0000000089100000| Complete 
| 146|0x0000000089200000, 0x0000000089300000, 0x0000000089300000|100%| E|CS|TAMS 0x0000000089200000, 0x0000000089200000| Complete 
| 147|0x0000000089300000, 0x0000000089400000, 0x0000000089400000|100%| E|CS|TAMS 0x0000000089300000, 0x0000000089300000| Complete 
| 148|0x0000000089400000, 0x0000000089500000, 0x0000000089500000|100%| E|CS|TAMS 0x0000000089400000, 0x0000000089400000| Complete 
| 149|0x0000000089500000, 0x0000000089600000, 0x0000000089600000|100%| E|CS|TAMS 0x0000000089500000, 0x0000000089500000| Complete 
| 150|0x0000000089600000, 0x0000000089700000, 0x0000000089700000|100%| E|CS|TAMS 0x0000000089600000, 0x0000000089600000| Complete 
| 151|0x0000000089700000, 0x0000000089800000, 0x0000000089800000|100%| E|CS|TAMS 0x0000000089700000, 0x0000000089700000| Complete 
| 152|0x0000000089800000, 0x0000000089900000, 0x0000000089900000|100%| E|CS|TAMS 0x0000000089800000, 0x0000000089800000| Complete 
| 153|0x0000000089900000, 0x0000000089a00000, 0x0000000089a00000|100%| E|CS|TAMS 0x0000000089900000, 0x0000000089900000| Complete 
| 154|0x0000000089a00000, 0x0000000089b00000, 0x0000000089b00000|100%| E|CS|TAMS 0x0000000089a00000, 0x0000000089a00000| Complete 
| 155|0x0000000089b00000, 0x0000000089c00000, 0x0000000089c00000|100%| E|CS|TAMS 0x0000000089b00000, 0x0000000089b00000| Complete 
| 156|0x0000000089c00000, 0x0000000089d00000, 0x0000000089d00000|100%| E|CS|TAMS 0x0000000089c00000, 0x0000000089c00000| Complete 
| 157|0x0000000089d00000, 0x0000000089e00000, 0x0000000089e00000|100%| E|CS|TAMS 0x0000000089d00000, 0x0000000089d00000| Complete 
| 158|0x0000000089e00000, 0x0000000089f00000, 0x0000000089f00000|100%| E|CS|TAMS 0x0000000089e00000, 0x0000000089e00000| Complete 
| 159|0x0000000089f00000, 0x000000008a000000, 0x000000008a000000|100%| E|CS|TAMS 0x0000000089f00000, 0x0000000089f00000| Complete 
| 160|0x000000008a000000, 0x000000008a100000, 0x000000008a100000|100%| E|CS|TAMS 0x000000008a000000, 0x000000008a000000| Complete 
| 161|0x000000008a100000, 0x000000008a200000, 0x000000008a200000|100%| E|CS|TAMS 0x000000008a100000, 0x000000008a100000| Complete 
| 162|0x000000008a200000, 0x000000008a300000, 0x000000008a300000|100%| E|CS|TAMS 0x000000008a200000, 0x000000008a200000| Complete 
| 163|0x000000008a300000, 0x000000008a400000, 0x000000008a400000|100%| E|CS|TAMS 0x000000008a300000, 0x000000008a300000| Complete 
| 164|0x000000008a400000, 0x000000008a500000, 0x000000008a500000|100%| E|CS|TAMS 0x000000008a400000, 0x000000008a400000| Complete 
| 165|0x000000008a500000, 0x000000008a600000, 0x000000008a600000|100%| E|CS|TAMS 0x000000008a500000, 0x000000008a500000| Complete 
| 166|0x000000008a600000, 0x000000008a700000, 0x000000008a700000|100%| E|CS|TAMS 0x000000008a600000, 0x000000008a600000| Complete 
| 167|0x000000008a700000, 0x000000008a800000, 0x000000008a800000|100%| E|CS|TAMS 0x000000008a700000, 0x000000008a700000| Complete 
| 168|0x000000008a800000, 0x000000008a900000, 0x000000008a900000|100%| E|CS|TAMS 0x000000008a800000, 0x000000008a800000| Complete 
| 190|0x000000008be00000, 0x000000008bf00000, 0x000000008bf00000|100%| E|CS|TAMS 0x000000008be00000, 0x000000008be00000| Complete 
| 191|0x000000008bf00000, 0x000000008c000000, 0x000000008c000000|100%| E|CS|TAMS 0x000000008bf00000, 0x000000008bf00000| Complete 

Card table byte_map: [0x0000027dff390000,0x0000027dff790000] _byte_map_base: 0x0000027dfef90000

Marking Bits (Prev, Next): (CMBitMap*) 0x0000027dfd1227b0, (CMBitMap*) 0x0000027dfd122770
 Prev Bits: [0x0000027d98860000, 0x0000027d9a860000)
 Next Bits: [0x0000027d96860000, 0x0000027d98860000)

Polling page: 0x0000027dfd190000

Metaspace:

Usage:
  Non-class:     90.10 MB used.
      Class:     13.72 MB used.
       Both:    103.82 MB used.

Virtual space:
  Non-class space:      128.00 MB reserved,      91.12 MB ( 71%) committed,  2 nodes.
      Class space:        1.00 GB reserved,      14.81 MB (  1%) committed,  1 nodes.
             Both:        1.12 GB reserved,     105.94 MB (  9%) committed. 

Chunk freelists:
   Non-Class:  44.00 KB
       Class:  1.16 MB
        Both:  1.20 MB

MaxMetaspaceSize: unlimited
CompressedClassSpaceSize: 1.00 GB
Initial GC threshold: 21.00 MB
Current GC threshold: 111.81 MB
CDS: on
MetaspaceReclaimPolicy: balanced
 - commit_granule_bytes: 65536.
 - commit_granule_words: 8192.
 - virtual_space_node_default_size: 8388608.
 - enlarge_chunks_in_place: 1.
 - new_chunks_are_fully_committed: 0.
 - uncommit_free_chunks: 1.
 - use_allocation_guard: 0.


Internal statistics:

num_allocs_failed_limit: 6.
num_arena_births: 3708.
num_arena_deaths: 4.
num_vsnodes_births: 3.
num_vsnodes_deaths: 0.
num_space_committed: 1695.
num_space_uncommitted: 0.
num_chunks_returned_to_freelist: 25.
num_chunks_taken_from_freelist: 8431.
num_chunk_merges: 8.
num_chunk_splits: 5549.
num_chunks_enlarged: 3541.
num_inconsistent_stats: 0.

CodeHeap 'non-profiled nmethods': size=120000Kb used=7875Kb max_used=7875Kb free=112124Kb
 bounds [0x0000027d8f330000, 0x0000027d8faf0000, 0x0000027d96860000]
CodeHeap 'profiled nmethods': size=120000Kb used=26800Kb max_used=26800Kb free=93199Kb
 bounds [0x0000027d87e00000, 0x0000027d89830000, 0x0000027d8f330000]
CodeHeap 'non-nmethods': size=5760Kb used=2476Kb max_used=2552Kb free=3283Kb
 bounds [0x0000027d87860000, 0x0000027d87af0000, 0x0000027d87e00000]
 total_blobs=14724 nmethods=13711 adapters=924
 compilation: enabled
              stopped_count=0, restarted_count=0
 full_count=0

Compilation events (20 events):
Event: 156.658 Thread 0x0000027d9cad30b0 nmethod 16132 0x0000027d89825590 code [0x0000027d89825720, 0x0000027d89825868]
Event: 156.658 Thread 0x0000027d9cad27c0 nmethod 16128 0x0000027d8fadf590 code [0x0000027d8fadf760, 0x0000027d8fadfa40]
Event: 156.658 Thread 0x0000027d9cad30b0 16134       3       org.gradle.internal.event.BroadcastDispatch::empty (9 bytes)
Event: 156.658 Thread 0x0000027d9cad27c0 16129       4       org.gradle.internal.service.DefaultServiceRegistry$SingletonService::getService (18 bytes)
Event: 156.658 Thread 0x0000027d9cad30b0 nmethod 16134 0x0000027d89825910 code [0x0000027d89825ac0, 0x0000027d89825e38]
Event: 156.658 Thread 0x0000027d9cad30b0 16135       3       org.gradle.internal.event.BroadcastDispatch$EmptyDispatch::<init> (7 bytes)
Event: 156.658 Thread 0x0000027d9cad30b0 nmethod 16135 0x0000027d89825f90 code [0x0000027d89826140, 0x0000027d89826438]
Event: 156.658 Thread 0x0000027d9cad30b0 16136   !   3       org.gradle.internal.reflect.JavaMethod::invoke (74 bytes)
Event: 156.661 Thread 0x0000027d9cad30b0 nmethod 16136 0x0000027d89826590 code [0x0000027d898269c0, 0x0000027d89828b18]
Event: 156.661 Thread 0x0000027d9cad30b0 16137       3       java.lang.reflect.Method::invoke (108 bytes)
Event: 156.663 Thread 0x0000027d9cad30b0 nmethod 16137 0x0000027d89829910 code [0x0000027d89829be0, 0x0000027d8982abd8]
Event: 156.663 Thread 0x0000027d9cad30b0 16138       3       org.gradle.internal.collect.PersistentList::of (4 bytes)
Event: 156.663 Thread 0x0000027d9cad30b0 nmethod 16138 0x0000027d8982b110 code [0x0000027d8982b2a0, 0x0000027d8982b398]
Event: 156.669 Thread 0x0000027d9cad30b0 16139   !   2       java.util.stream.ReferencePipeline$7$1::accept (127 bytes)
Event: 156.669 Thread 0x0000027d9cad27c0 nmethod 16129 0x0000027d8fadfd10 code [0x0000027d8fadff20, 0x0000027d8fae0820]
Event: 156.669 Thread 0x0000027d9cad27c0 16133       4       org.gradle.internal.service.DefaultServiceRegistry$SingletonService::get (5 bytes)
Event: 156.670 Thread 0x0000027d9cad30b0 nmethod 16139 0x0000027d8982b410 code [0x0000027d8982b640, 0x0000027d8982bc38]
Event: 156.684 Thread 0x0000027d9cad30b0 16142       1       org.gradle.cache.PersistentIndexedCacheParameters::getCacheName (5 bytes)
Event: 156.684 Thread 0x0000027d9cad30b0 nmethod 16142 0x0000027d8fae0c10 code [0x0000027d8fae0da0, 0x0000027d8fae0e78]
Event: 156.710 Thread 0x0000027d9cad30b0 16143       3       java.lang.String::encode (48 bytes)

GC Heap History (20 events):
Event: 33.738 GC heap after
{Heap after GC invocations=36 (full 0):
 garbage-first heap   total 175104K, used 109253K [0x0000000080000000, 0x0000000100000000)
  region size 1024K, 6 young (6144K), 6 survivors (6144K)
 Metaspace       used 92103K, committed 94016K, reserved 1179648K
  class space    used 12378K, committed 13376K, reserved 1048576K
}
Event: 36.351 GC heap before
{Heap before GC invocations=36 (full 0):
 garbage-first heap   total 175104K, used 143045K [0x0000000080000000, 0x0000000100000000)
  region size 1024K, 40 young (40960K), 6 survivors (6144K)
 Metaspace       used 95104K, committed 96960K, reserved 1179648K
  class space    used 12746K, committed 13696K, reserved 1048576K
}
Event: 36.382 GC heap after
{Heap after GC invocations=37 (full 0):
 garbage-first heap   total 175104K, used 111836K [0x0000000080000000, 0x0000000100000000)
  region size 1024K, 3 young (3072K), 3 survivors (3072K)
 Metaspace       used 95104K, committed 96960K, reserved 1179648K
  class space    used 12746K, committed 13696K, reserved 1048576K
}
Event: 68.309 GC heap before
{Heap before GC invocations=37 (full 0):
 garbage-first heap   total 175104K, used 145628K [0x0000000080000000, 0x0000000100000000)
  region size 1024K, 36 young (36864K), 3 survivors (3072K)
 Metaspace       used 98453K, committed 100416K, reserved 1179648K
  class space    used 13189K, committed 14208K, reserved 1048576K
}
Event: 68.317 GC heap after
{Heap after GC invocations=38 (full 0):
 garbage-first heap   total 175104K, used 114688K [0x0000000080000000, 0x0000000100000000)
  region size 1024K, 5 young (5120K), 5 survivors (5120K)
 Metaspace       used 98453K, committed 100416K, reserved 1179648K
  class space    used 13189K, committed 14208K, reserved 1048576K
}
Event: 69.201 GC heap before
{Heap before GC invocations=38 (full 0):
 garbage-first heap   total 175104K, used 146432K [0x0000000080000000, 0x0000000100000000)
  region size 1024K, 37 young (37888K), 5 survivors (5120K)
 Metaspace       used 99711K, committed 101696K, reserved 1179648K
  class space    used 13346K, committed 14400K, reserved 1048576K
}
Event: 69.219 GC heap after
{Heap after GC invocations=39 (full 0):
 garbage-first heap   total 175104K, used 118966K [0x0000000080000000, 0x0000000100000000)
  region size 1024K, 5 young (5120K), 5 survivors (5120K)
 Metaspace       used 99711K, committed 101696K, reserved 1179648K
  class space    used 13346K, committed 14400K, reserved 1048576K
}
Event: 71.566 GC heap before
{Heap before GC invocations=39 (full 0):
 garbage-first heap   total 175104K, used 145590K [0x0000000080000000, 0x0000000100000000)
  region size 1024K, 32 young (32768K), 5 survivors (5120K)
 Metaspace       used 99976K, committed 101952K, reserved 1179648K
  class space    used 13358K, committed 14400K, reserved 1048576K
}
Event: 71.575 GC heap after
{Heap after GC invocations=40 (full 0):
 garbage-first heap   total 175104K, used 120189K [0x0000000080000000, 0x0000000100000000)
  region size 1024K, 2 young (2048K), 2 survivors (2048K)
 Metaspace       used 99976K, committed 101952K, reserved 1179648K
  class space    used 13358K, committed 14400K, reserved 1048576K
}
Event: 71.805 GC heap before
{Heap before GC invocations=40 (full 0):
 garbage-first heap   total 175104K, used 147837K [0x0000000080000000, 0x0000000100000000)
  region size 1024K, 29 young (29696K), 2 survivors (2048K)
 Metaspace       used 99982K, committed 102016K, reserved 1179648K
  class space    used 13360K, committed 14400K, reserved 1048576K
}
Event: 71.809 GC heap after
{Heap after GC invocations=41 (full 0):
 garbage-first heap   total 175104K, used 119966K [0x0000000080000000, 0x0000000100000000)
  region size 1024K, 2 young (2048K), 2 survivors (2048K)
 Metaspace       used 99982K, committed 102016K, reserved 1179648K
  class space    used 13360K, committed 14400K, reserved 1048576K
}
Event: 72.020 GC heap before
{Heap before GC invocations=41 (full 0):
 garbage-first heap   total 175104K, used 148638K [0x0000000080000000, 0x0000000100000000)
  region size 1024K, 30 young (30720K), 2 survivors (2048K)
 Metaspace       used 99982K, committed 102016K, reserved 1179648K
  class space    used 13360K, committed 14400K, reserved 1048576K
}
Event: 72.024 GC heap after
{Heap after GC invocations=42 (full 0):
 garbage-first heap   total 175104K, used 119914K [0x0000000080000000, 0x0000000100000000)
  region size 1024K, 2 young (2048K), 2 survivors (2048K)
 Metaspace       used 99982K, committed 102016K, reserved 1179648K
  class space    used 13360K, committed 14400K, reserved 1048576K
}
Event: 72.312 GC heap before
{Heap before GC invocations=42 (full 0):
 garbage-first heap   total 175104K, used 149610K [0x0000000080000000, 0x0000000100000000)
  region size 1024K, 31 young (31744K), 2 survivors (2048K)
 Metaspace       used 99985K, committed 102016K, reserved 1179648K
  class space    used 13360K, committed 14400K, reserved 1048576K
}
Event: 72.316 GC heap after
{Heap after GC invocations=43 (full 0):
 garbage-first heap   total 175104K, used 120386K [0x0000000080000000, 0x0000000100000000)
  region size 1024K, 2 young (2048K), 2 survivors (2048K)
 Metaspace       used 99985K, committed 102016K, reserved 1179648K
  class space    used 13360K, committed 14400K, reserved 1048576K
}
Event: 72.443 GC heap before
{Heap before GC invocations=43 (full 0):
 garbage-first heap   total 175104K, used 151106K [0x0000000080000000, 0x0000000100000000)
  region size 1024K, 32 young (32768K), 2 survivors (2048K)
 Metaspace       used 99985K, committed 102016K, reserved 1179648K
  class space    used 13360K, committed 14400K, reserved 1048576K
}
Event: 72.447 GC heap after
{Heap after GC invocations=44 (full 0):
 garbage-first heap   total 175104K, used 120739K [0x0000000080000000, 0x0000000100000000)
  region size 1024K, 2 young (2048K), 2 survivors (2048K)
 Metaspace       used 99985K, committed 102016K, reserved 1179648K
  class space    used 13360K, committed 14400K, reserved 1048576K
}
Event: 74.508 GC heap before
{Heap before GC invocations=44 (full 0):
 garbage-first heap   total 175104K, used 151459K [0x0000000080000000, 0x0000000100000000)
  region size 1024K, 33 young (33792K), 2 survivors (2048K)
 Metaspace       used 101399K, committed 103360K, reserved 1179648K
  class space    used 13574K, committed 14592K, reserved 1048576K
}
Event: 74.514 GC heap after
{Heap after GC invocations=45 (full 0):
 garbage-first heap   total 175104K, used 121375K [0x0000000080000000, 0x0000000100000000)
  region size 1024K, 3 young (3072K), 3 survivors (3072K)
 Metaspace       used 101399K, committed 103360K, reserved 1179648K
  class space    used 13574K, committed 14592K, reserved 1048576K
}
Event: 156.710 GC heap before
{Heap before GC invocations=45 (full 0):
 garbage-first heap   total 175104K, used 151071K [0x0000000080000000, 0x0000000100000000)
  region size 1024K, 33 young (33792K), 3 survivors (3072K)
 Metaspace       used 106315K, committed 108480K, reserved 1179648K
  class space    used 14050K, committed 15168K, reserved 1048576K
}

Deoptimization events (20 events):
Event: 156.660 Thread 0x0000027da6c63ba0 Uncommon trap: trap_request=0xffffffbe fr.pc=0x0000027d8fad062c relative=0x000000000000062c
Event: 156.660 Thread 0x0000027da6c63ba0 Uncommon trap: reason=profile_predicate action=maybe_recompile pc=0x0000027d8fad062c method=java.util.stream.ReferencePipeline$7$1.accept(Ljava/lang/Object;)V @ 73 c2
Event: 156.660 Thread 0x0000027da6c63ba0 DEOPT PACKING pc=0x0000027d8fad062c sp=0x000000d0003fb7f0
Event: 156.660 Thread 0x0000027da6c63ba0 DEOPT UNPACKING pc=0x0000027d878b23a3 sp=0x000000d0003fb7b8 mode 2
Event: 156.661 Thread 0x0000027da6c63ba0 Uncommon trap: trap_request=0xffffffbe fr.pc=0x0000027d8fad062c relative=0x000000000000062c
Event: 156.661 Thread 0x0000027da6c63ba0 Uncommon trap: reason=profile_predicate action=maybe_recompile pc=0x0000027d8fad062c method=java.util.stream.ReferencePipeline$7$1.accept(Ljava/lang/Object;)V @ 73 c2
Event: 156.661 Thread 0x0000027da6c63ba0 DEOPT PACKING pc=0x0000027d8fad062c sp=0x000000d0003fb530
Event: 156.661 Thread 0x0000027da6c63ba0 DEOPT UNPACKING pc=0x0000027d878b23a3 sp=0x000000d0003fb4f8 mode 2
Event: 156.672 Thread 0x0000027da6c63ba0 Uncommon trap: trap_request=0xffffffc6 fr.pc=0x0000027d8f97480c relative=0x00000000000007ac
Event: 156.673 Thread 0x0000027da6c63ba0 Uncommon trap: reason=bimorphic_or_optimized_type_check action=maybe_recompile pc=0x0000027d8f97480c method=org.gradle.internal.operations.DefaultBuildOperationListenerManager$ProgressShieldingBuildOperationListener.finished(Lorg/gradle/internal/operation
Event: 156.673 Thread 0x0000027da6c63ba0 DEOPT PACKING pc=0x0000027d8f97480c sp=0x000000d0003fc850
Event: 156.673 Thread 0x0000027da6c63ba0 DEOPT UNPACKING pc=0x0000027d878b23a3 sp=0x000000d0003fc818 mode 2
Event: 156.689 Thread 0x0000027da6c63ba0 Uncommon trap: trap_request=0xffffff45 fr.pc=0x0000027d8f99fa84 relative=0x00000000000016e4
Event: 156.689 Thread 0x0000027da6c63ba0 Uncommon trap: reason=unstable_if action=reinterpret pc=0x0000027d8f99fa84 method=org.gradle.cache.internal.DefaultCrossBuildInMemoryCacheFactory$AbstractCrossBuildInMemoryCache.getIfPresentWithoutLock(Ljava/lang/Object;)Ljava/lang/Object; @ 24 c2
Event: 156.689 Thread 0x0000027da6c63ba0 DEOPT PACKING pc=0x0000027d8f99fa84 sp=0x000000d0003f9b20
Event: 156.689 Thread 0x0000027da6c63ba0 DEOPT UNPACKING pc=0x0000027d878b23a3 sp=0x000000d0003f98c0 mode 2
Event: 156.709 Thread 0x0000027da6c63ba0 Uncommon trap: trap_request=0xffffff45 fr.pc=0x0000027d8f3f1398 relative=0x0000000000000078
Event: 156.709 Thread 0x0000027da6c63ba0 Uncommon trap: reason=unstable_if action=reinterpret pc=0x0000027d8f3f1398 method=com.google.common.math.IntMath.log2(ILjava/math/RoundingMode;)I @ 15 c2
Event: 156.709 Thread 0x0000027da6c63ba0 DEOPT PACKING pc=0x0000027d8f3f1398 sp=0x000000d0003f9480
Event: 156.709 Thread 0x0000027da6c63ba0 DEOPT UNPACKING pc=0x0000027d878b23a3 sp=0x000000d0003f9408 mode 2

Classes loaded (20 events):
Event: 89.062 Loading class java/lang/StackStreamFactory
Event: 89.062 Loading class java/lang/StackStreamFactory done
Event: 89.063 Loading class java/lang/StackWalker$ExtendedOption
Event: 89.063 Loading class java/lang/StackWalker$ExtendedOption done
Event: 89.063 Loading class java/lang/StackStreamFactory$StackFrameTraverser
Event: 89.063 Loading class java/lang/StackStreamFactory$StackFrameTraverser done
Event: 89.063 Loading class java/lang/StackStreamFactory$WalkerState
Event: 89.063 Loading class java/lang/StackStreamFactory$WalkerState done
Event: 89.063 Loading class java/lang/StackStreamFactory$1
Event: 89.063 Loading class java/lang/StackStreamFactory$1 done
Event: 89.063 Loading class java/lang/StackStreamFactory$StackFrameTraverser$StackFrameBuffer
Event: 89.063 Loading class java/lang/StackStreamFactory$FrameBuffer
Event: 89.063 Loading class java/lang/StackStreamFactory$FrameBuffer done
Event: 89.063 Loading class java/lang/StackStreamFactory$StackFrameTraverser$StackFrameBuffer done
Event: 89.063 Loading class java/util/stream/SliceOps
Event: 89.094 Loading class java/util/stream/SliceOps done
Event: 89.094 Loading class java/util/stream/SliceOps$1
Event: 89.103 Loading class java/util/stream/SliceOps$1 done
Event: 89.104 Loading class java/util/stream/SliceOps$1$1
Event: 89.105 Loading class java/util/stream/SliceOps$1$1 done

Classes unloaded (20 events):
Event: 21.371 Thread 0x0000027d9caaea40 Unloading class 0x00000008011c2698 'SetupUtpTestResultListenerAction'
Event: 21.371 Thread 0x0000027d9caaea40 Unloading class 0x00000008011c2400 'IJTestEventLogger$2'
Event: 21.371 Thread 0x0000027d9caaea40 Unloading class 0x00000008011c2138 'IJTestEventLogger$1'
Event: 21.371 Thread 0x0000027d9caaea40 Unloading class 0x00000008011c1d60 'IJTestEventLogger$_logConfigurationError_closure2'
Event: 21.371 Thread 0x0000027d9caaea40 Unloading class 0x00000008011c1988 'IJTestEventLogger$_logTestEvent_closure1$_closure3$_closure5'
Event: 21.371 Thread 0x0000027d9caaea40 Unloading class 0x00000008011c15b0 'IJTestEventLogger$_logTestEvent_closure1$_closure3$_closure4'
Event: 21.371 Thread 0x0000027d9caaea40 Unloading class 0x00000008011c11d8 'IJTestEventLogger$_logTestEvent_closure1$_closure3'
Event: 21.371 Thread 0x0000027d9caaea40 Unloading class 0x00000008011c0e00 'IJTestEventLogger$_logTestEvent_closure1'
Event: 21.371 Thread 0x0000027d9caaea40 Unloading class 0x00000008011c0b88 'IJTestEventLogger'
Event: 21.371 Thread 0x0000027d9caaea40 Unloading class 0x00000008011c07b0 'KotlinMppTestLogger$_logConfigurationError_closure7'
Event: 21.371 Thread 0x0000027d9caaea40 Unloading class 0x00000008011c03d8 'KotlinMppTestLogger$_logTestEvent_closure6$_closure8$_closure10'
Event: 21.371 Thread 0x0000027d9caaea40 Unloading class 0x00000008011c0000 'KotlinMppTestLogger$_logTestEvent_closure6$_closure8$_closure9'
Event: 21.371 Thread 0x0000027d9caaea40 Unloading class 0x00000008011bdb88 'KotlinMppTestLogger$_logTestEvent_closure6$_closure8'
Event: 21.371 Thread 0x0000027d9caaea40 Unloading class 0x00000008011bd7b0 'KotlinMppTestLogger$_logTestEvent_closure6'
Event: 21.371 Thread 0x0000027d9caaea40 Unloading class 0x00000008011bd3d8 'KotlinMppTestLogger$_configureTestEventLogging_closure5'
Event: 21.371 Thread 0x0000027d9caaea40 Unloading class 0x00000008011bd000 'KotlinMppTestLogger$_configureTestEventLogging_closure4'
Event: 21.371 Thread 0x0000027d9caaea40 Unloading class 0x00000008011bca10 'KotlinMppTestLogger$_configureTestEventLogging_closure3'
Event: 21.371 Thread 0x0000027d9caaea40 Unloading class 0x00000008011bc638 'KotlinMppTestLogger$_configureTestEventLogging_closure2'
Event: 21.371 Thread 0x0000027d9caaea40 Unloading class 0x00000008011bc260 'KotlinMppTestLogger$_configureTestEventLogging_closure1'
Event: 21.371 Thread 0x0000027d9caaea40 Unloading class 0x00000008011bc000 'KotlinMppTestLogger'

Classes redefined (0 events):
No events

Internal exceptions (20 events):
Event: 75.156 Thread 0x0000027da6c636d0 Implicit null exception at 0x0000027d8f357bf6 to 0x0000027d8f357dd0
Event: 75.156 Thread 0x0000027da6c636d0 Exception <a 'sun/nio/fs/WindowsException'{0x0000000089781a40}> (0x0000000089781a40) 
thrown [t:\workspace\open\src\hotspot\share\prims\jni.cpp, line 516]
Event: 75.181 Thread 0x0000027da1b4c780 Exception <a 'sun/nio/fs/WindowsException'{0x00000000897b15c0}> (0x00000000897b15c0) 
thrown [t:\workspace\open\src\hotspot\share\prims\jni.cpp, line 516]
Event: 75.181 Thread 0x0000027da1b4c780 Exception <a 'sun/nio/fs/WindowsException'{0x00000000897b1978}> (0x00000000897b1978) 
thrown [t:\workspace\open\src\hotspot\share\prims\jni.cpp, line 516]
Event: 75.182 Thread 0x0000027da1b4c780 Exception <a 'sun/nio/fs/WindowsException'{0x00000000897b3300}> (0x00000000897b3300) 
thrown [t:\workspace\open\src\hotspot\share\prims\jni.cpp, line 516]
Event: 75.280 Thread 0x0000027da1b4c780 Exception <a 'java/lang/NoSuchMethodError'{0x0000000089563370}: 'void java.lang.invoke.DirectMethodHandle$Holder.invokeInterface(java.lang.Object, java.lang.Object, java.lang.Object, int)'> (0x0000000089563370) 
thrown [t:\workspace\open\src\hotspot\share\interpreter\linkResolver.cpp, line 766]
Event: 75.280 Thread 0x0000027da1b4c780 Exception <a 'java/lang/IncompatibleClassChangeError'{0x0000000089566eb8}: Found class java.lang.Object, but interface was expected> (0x0000000089566eb8) 
thrown [t:\workspace\open\src\hotspot\share\interpreter\linkResolver.cpp, line 833]
Event: 75.285 Thread 0x0000027da1b4c780 Exception <a 'java/lang/NoSuchMethodError'{0x000000008956b520}: 'void java.lang.invoke.DelegatingMethodHandle$Holder.reinvoke_L(java.lang.Object, java.lang.Object, java.lang.Object, int)'> (0x000000008956b520) 
thrown [t:\workspace\open\src\hotspot\share\interpreter\linkResolver.cpp, line 766]
Event: 75.408 Thread 0x0000027da1b4c780 Exception <a 'java/lang/IncompatibleClassChangeError'{0x00000000894ffd60}: Found class java.lang.Object, but interface was expected> (0x00000000894ffd60) 
thrown [t:\workspace\open\src\hotspot\share\interpreter\linkResolver.cpp, line 833]
Event: 75.445 Thread 0x0000027da1b4c780 Implicit null exception at 0x0000027d8f98d38f to 0x0000027d8f98d3dc
Event: 75.446 Thread 0x0000027da1b4c780 Exception <a 'java/lang/IncompatibleClassChangeError'{0x0000000089362dc0}: Found class java.lang.Object, but interface was expected> (0x0000000089362dc0) 
thrown [t:\workspace\open\src\hotspot\share\interpreter\linkResolver.cpp, line 833]
Event: 75.523 Thread 0x0000027da1b4c780 Implicit null exception at 0x0000027d8f9839c4 to 0x0000027d8f983c70
Event: 75.542 Thread 0x0000027da2371200 Exception <a 'java/lang/NoSuchMethodError'{0x00000000891e4c10}: static Lorg/gradle/tooling/internal/provider/serialization/ClassLoaderDetails;.<clinit>()V> (0x00000000891e4c10) 
thrown [t:\workspace\open\src\hotspot\share\prims\jni.cpp, line 1104]
Event: 75.543 Thread 0x0000027da2371200 Exception <a 'java/lang/NoSuchMethodError'{0x00000000891f52d0}: static Lorg/gradle/tooling/internal/provider/serialization/WellKnownClassLoaderRegistry$KnownClassLoaderSpec;.<clinit>()V> (0x00000000891f52d0) 
thrown [t:\workspace\open\src\hotspot\share\prims\jni.cpp, line 1104]
Event: 75.543 Thread 0x0000027da2371200 Exception <a 'java/lang/NoSuchMethodError'{0x00000000891f6948}: static Lorg/gradle/internal/classloader/ClassLoaderSpec;.<clinit>()V> (0x00000000891f6948) 
thrown [t:\workspace\open\src\hotspot\share\prims\jni.cpp, line 1104]
Event: 75.544 Thread 0x0000027da2371200 Exception <a 'java/lang/NoSuchMethodError'{0x0000000089008fc8}: static Lorg/gradle/internal/classloader/ClassLoaderSpec;.<clinit>()V> (0x0000000089008fc8) 
thrown [t:\workspace\open\src\hotspot\share\prims\jni.cpp, line 1104]
Event: 75.544 Thread 0x0000027da2371200 Exception <a 'java/lang/NoSuchMethodError'{0x00000000890130d8}: static Lorg/gradle/internal/classloader/VisitableURLClassLoader$Spec;.<clinit>()V> (0x00000000890130d8) 
thrown [t:\workspace\open\src\hotspot\share\prims\jni.cpp, line 1104]
Event: 76.073 Thread 0x0000027da27e2c90 Implicit null exception at 0x0000027d8f700df2 to 0x0000027d8f701198
Event: 156.654 Thread 0x0000027da6c63ba0 Exception <a 'java/lang/IncompatibleClassChangeError'{0x0000000088eb51f0}: Found class java.lang.Object, but interface was expected> (0x0000000088eb51f0) 
thrown [t:\workspace\open\src\hotspot\share\interpreter\linkResolver.cpp, line 833]
Event: 156.654 Thread 0x0000027da6c63ba0 Implicit null exception at 0x0000027d8f90fc60 to 0x0000027d8f910144

VM Operations (20 events):
Event: 89.104 Executing VM operation: Cleanup done
Event: 98.108 Executing VM operation: Cleanup
Event: 98.108 Executing VM operation: Cleanup done
Event: 106.113 Executing VM operation: Cleanup
Event: 106.113 Executing VM operation: Cleanup done
Event: 116.117 Executing VM operation: Cleanup
Event: 116.117 Executing VM operation: Cleanup done
Event: 126.124 Executing VM operation: Cleanup
Event: 126.124 Executing VM operation: Cleanup done
Event: 135.128 Executing VM operation: Cleanup
Event: 135.128 Executing VM operation: Cleanup done
Event: 136.128 Executing VM operation: Cleanup
Event: 136.128 Executing VM operation: Cleanup done
Event: 146.134 Executing VM operation: Cleanup
Event: 146.135 Executing VM operation: Cleanup done
Event: 155.251 Executing VM operation: HandshakeAllThreads
Event: 155.251 Executing VM operation: HandshakeAllThreads done
Event: 156.251 Executing VM operation: Cleanup
Event: 156.251 Executing VM operation: Cleanup done
Event: 156.710 Executing VM operation: G1CollectForAllocation

Events (20 events):
Event: 75.576 Thread 0x0000027da249c7e0 Thread exited: 0x0000027da249c7e0
Event: 82.088 Thread 0x0000027da1068df0 Thread exited: 0x0000027da1068df0
Event: 133.134 Thread 0x0000027da6c67a30 Thread exited: 0x0000027da6c67a30
Event: 134.480 Thread 0x0000027da6c64540 Thread exited: 0x0000027da6c64540
Event: 134.480 Thread 0x0000027da6c65d50 Thread exited: 0x0000027da6c65d50
Event: 134.497 Thread 0x0000027da6c619f0 Thread exited: 0x0000027da6c619f0
Event: 135.132 Thread 0x0000027da6c23520 Thread exited: 0x0000027da6c23520
Event: 135.535 Thread 0x0000027da1b4c780 Thread exited: 0x0000027da1b4c780
Event: 135.578 Thread 0x0000027da2371200 Thread exited: 0x0000027da2371200
Event: 156.632 Thread 0x0000027da6c636d0 Thread added: 0x0000027da6c636d0
Event: 156.632 Thread 0x0000027da6c61ec0 Thread added: 0x0000027da6c61ec0
Event: 156.637 Thread 0x0000027da6c67560 Thread added: 0x0000027da6c67560
Event: 156.642 Thread 0x0000027da6c63ba0 Thread added: 0x0000027da6c63ba0
Event: 156.649 Thread 0x0000027da6c66bc0 Thread added: 0x0000027da6c66bc0
Event: 156.650 Thread 0x0000027da6c64a10 Thread added: 0x0000027da6c64a10
Event: 156.652 Thread 0x0000027da6c619f0 Thread added: 0x0000027da6c619f0
Event: 156.677 Thread 0x0000027da6c67090 Thread added: 0x0000027da6c67090
Event: 156.685 Thread 0x0000027da6c67a30 Thread added: 0x0000027da6c67a30
Event: 156.690 Thread 0x0000027da6c653b0 Thread added: 0x0000027da6c653b0
Event: 156.704 Thread 0x0000027da6c62390 Thread added: 0x0000027da6c62390


Dynamic libraries:
0x00007ff72eb60000 - 0x00007ff72eb70000 	F:\Program Files\Java\jdk-18\bin\java.exe
0x00007ffb49030000 - 0x00007ffb49228000 	C:\Windows\SYSTEM32\ntdll.dll
0x00007ffb476e0000 - 0x00007ffb4779d000 	C:\Windows\System32\KERNEL32.DLL
0x00007ffb46aa0000 - 0x00007ffb46d6e000 	C:\Windows\System32\KERNELBASE.dll
0x00007ffb46e30000 - 0x00007ffb46f30000 	C:\Windows\System32\ucrtbase.dll
0x00007ffb3fe20000 - 0x00007ffb3fe3a000 	F:\Program Files\Java\jdk-18\bin\VCRUNTIME140.dll
0x00007ffb3ea90000 - 0x00007ffb3eaa8000 	F:\Program Files\Java\jdk-18\bin\jli.dll
0x00007ffb48e30000 - 0x00007ffb48ede000 	C:\Windows\System32\ADVAPI32.dll
0x00007ffb48bc0000 - 0x00007ffb48c5e000 	C:\Windows\System32\msvcrt.dll
0x00007ffb470f0000 - 0x00007ffb4718c000 	C:\Windows\System32\sechost.dll
0x00007ffb48c60000 - 0x00007ffb48d85000 	C:\Windows\System32\RPCRT4.dll
0x00007ffb471f0000 - 0x00007ffb47390000 	C:\Windows\System32\USER32.dll
0x00007ffb46e00000 - 0x00007ffb46e22000 	C:\Windows\System32\win32u.dll
0x00007ffb48940000 - 0x00007ffb4896a000 	C:\Windows\System32\GDI32.dll
0x00007ffb46750000 - 0x00007ffb4685b000 	C:\Windows\System32\gdi32full.dll
0x00007ffb46ff0000 - 0x00007ffb4708d000 	C:\Windows\System32\msvcp_win.dll
0x00007ffb45b30000 - 0x00007ffb45dca000 	C:\Windows\WinSxS\amd64_microsoft.windows.common-controls_6595b64144ccf1df_6.0.19041.1110_none_60b5254171f9507e\COMCTL32.dll
0x00007ffb3f030000 - 0x00007ffb3f03a000 	C:\Windows\SYSTEM32\VERSION.dll
0x00007ffb48b90000 - 0x00007ffb48bc0000 	C:\Windows\System32\IMM32.DLL
0x00007ffb40dc0000 - 0x00007ffb40dcc000 	F:\Program Files\Java\jdk-18\bin\vcruntime140_1.dll
0x00007ffb1e760000 - 0x00007ffb1e7ed000 	F:\Program Files\Java\jdk-18\bin\msvcp140.dll
0x00007ffadab10000 - 0x00007ffadb721000 	F:\Program Files\Java\jdk-18\bin\server\jvm.dll
0x00007ffb48b80000 - 0x00007ffb48b88000 	C:\Windows\System32\PSAPI.DLL
0x00007ffb2e1a0000 - 0x00007ffb2e1a9000 	C:\Windows\SYSTEM32\WSOCK32.dll
0x00007ffb31bb0000 - 0x00007ffb31bd7000 	C:\Windows\SYSTEM32\WINMM.dll
0x00007ffb48dc0000 - 0x00007ffb48e2b000 	C:\Windows\System32\WS2_32.dll
0x00007ffb44980000 - 0x00007ffb44992000 	C:\Windows\SYSTEM32\kernel.appcore.dll
0x00007ffb40300000 - 0x00007ffb4030a000 	F:\Program Files\Java\jdk-18\bin\jimage.dll
0x00007ffb46180000 - 0x00007ffb46364000 	C:\Windows\SYSTEM32\DBGHELP.DLL
0x00007ffb45f10000 - 0x00007ffb45f3c000 	C:\Windows\SYSTEM32\dbgcore.DLL
0x00007ffb46d70000 - 0x00007ffb46df2000 	C:\Windows\System32\bcryptPrimitives.dll
0x00007ffb3acf0000 - 0x00007ffb3ad15000 	F:\Program Files\Java\jdk-18\bin\java.dll
0x00007ffb07180000 - 0x00007ffb07256000 	F:\Program Files\Java\jdk-18\bin\jsvml.dll
0x00007ffb477b0000 - 0x00007ffb47ef3000 	C:\Windows\System32\SHELL32.dll
0x00007ffb441d0000 - 0x00007ffb44965000 	C:\Windows\SYSTEM32\windows.storage.dll
0x00007ffb480f0000 - 0x00007ffb48444000 	C:\Windows\System32\combase.dll
0x00007ffb45ac0000 - 0x00007ffb45af0000 	C:\Windows\SYSTEM32\Wldp.dll
0x00007ffb48f40000 - 0x00007ffb48fed000 	C:\Windows\System32\SHCORE.dll
0x00007ffb47090000 - 0x00007ffb470e5000 	C:\Windows\System32\shlwapi.dll
0x00007ffb46690000 - 0x00007ffb466af000 	C:\Windows\SYSTEM32\profapi.dll
0x00007ffb3c450000 - 0x00007ffb3c463000 	F:\Program Files\Java\jdk-18\bin\net.dll
0x00007ffb38830000 - 0x00007ffb3893a000 	C:\Windows\SYSTEM32\WINHTTP.dll
0x00007ffb45990000 - 0x00007ffb459fa000 	C:\Windows\system32\mswsock.dll
0x00007ffb3bfb0000 - 0x00007ffb3bfc6000 	F:\Program Files\Java\jdk-18\bin\nio.dll
0x00007ffb38430000 - 0x00007ffb38448000 	F:\Program Files\Java\jdk-18\bin\zip.dll
0x00007ffb3ea80000 - 0x00007ffb3ea90000 	F:\Program Files\Java\jdk-18\bin\verify.dll
0x00007ffb3c2f0000 - 0x00007ffb3c317000 	C:\Users\locdi\.gradle\native\e1d6ef7f7dcc3fd88c89a11ec53ec762bb8ba0a96d01ffa2cd45eb1d1d8dd5c5\windows-amd64\native-platform.dll
0x00007ffaef960000 - 0x00007ffaefaa4000 	C:\Users\locdi\.gradle\native\0d407fdbe67a94daf76414ababcb853783967236a71b16ec16e742cd7a986fd3\windows-amd64\native-platform-file-events.dll
0x00007ffb3ea60000 - 0x00007ffb3ea69000 	F:\Program Files\Java\jdk-18\bin\management.dll
0x00007ffb3d8b0000 - 0x00007ffb3d8bb000 	F:\Program Files\Java\jdk-18\bin\management_ext.dll
0x00007ffb464e0000 - 0x00007ffb464f8000 	C:\Windows\SYSTEM32\CRYPTSP.dll
0x00007ffb451c0000 - 0x00007ffb451f4000 	C:\Windows\system32\rsaenh.dll
0x00007ffb46860000 - 0x00007ffb46887000 	C:\Windows\System32\bcrypt.dll
0x00007ffb46650000 - 0x00007ffb4667e000 	C:\Windows\SYSTEM32\USERENV.dll
0x00007ffb45a80000 - 0x00007ffb45a8c000 	C:\Windows\SYSTEM32\CRYPTBASE.dll
0x00007ffb45510000 - 0x00007ffb4554b000 	C:\Windows\SYSTEM32\IPHLPAPI.DLL
0x00007ffb48d90000 - 0x00007ffb48d98000 	C:\Windows\System32\NSI.dll
0x00007ffb3f0c0000 - 0x00007ffb3f0d7000 	C:\Windows\SYSTEM32\dhcpcsvc6.DLL
0x00007ffb3f0a0000 - 0x00007ffb3f0bd000 	C:\Windows\SYSTEM32\dhcpcsvc.DLL
0x00007ffb45550000 - 0x00007ffb4561a000 	C:\Windows\SYSTEM32\DNSAPI.dll
0x00007ffb36240000 - 0x00007ffb3625e000 	C:\Users\locdi\AppData\Local\Temp\native-platform9607778233758745965dir\native-platform.dll
0x00007ffb3af00000 - 0x00007ffb3af07000 	F:\Program Files\Java\jdk-18\bin\rmi.dll
0x00007ffb31ea0000 - 0x00007ffb31eb7000 	C:\Windows\system32\napinsp.dll
0x00007ffb30fa0000 - 0x00007ffb30fbb000 	C:\Windows\system32\pnrpnsp.dll
0x00007ffb40e30000 - 0x00007ffb40e45000 	C:\Windows\system32\wshbth.dll
0x00007ffb410e0000 - 0x00007ffb410fd000 	C:\Windows\system32\NLAapi.dll
0x00007ffb2e060000 - 0x00007ffb2e072000 	C:\Windows\System32\winrnr.dll
0x00007ffb38820000 - 0x00007ffb3882a000 	C:\Windows\System32\rasadhlp.dll
0x00007ffb31710000 - 0x00007ffb31790000 	C:\Windows\System32\fwpuclnt.dll

dbghelp: loaded successfully - version: 4.0.5 - missing functions: none
symbol engine: initialized successfully - sym options: 0x614 - pdb path: .;F:\Program Files\Java\jdk-18\bin;C:\Windows\SYSTEM32;C:\Windows\WinSxS\amd64_microsoft.windows.common-controls_6595b64144ccf1df_6.0.19041.1110_none_60b5254171f9507e;F:\Program Files\Java\jdk-18\bin\server;C:\Users\locdi\.gradle\native\e1d6ef7f7dcc3fd88c89a11ec53ec762bb8ba0a96d01ffa2cd45eb1d1d8dd5c5\windows-amd64;C:\Users\locdi\.gradle\native\0d407fdbe67a94daf76414ababcb853783967236a71b16ec16e742cd7a986fd3\windows-amd64;C:\Users\locdi\AppData\Local\Temp\native-platform9607778233758745965dir

VM Arguments:
jvm_args: --add-opens=java.base/java.util=ALL-UNNAMED --add-opens=java.base/java.lang=ALL-UNNAMED --add-opens=java.base/java.lang.invoke=ALL-UNNAMED --add-opens=java.base/java.util=ALL-UNNAMED --add-opens=java.prefs/java.util.prefs=ALL-UNNAMED --add-opens=java.prefs/java.util.prefs=ALL-UNNAMED --add-opens=java.base/java.nio.charset=ALL-UNNAMED --add-opens=java.base/java.net=ALL-UNNAMED --add-opens=java.base/java.util.concurrent.atomic=ALL-UNNAMED -Xmx2048m -Dfile.encoding=UTF-8 -Duser.country=US -Duser.language=en -Duser.variant 
java_command: org.gradle.launcher.daemon.bootstrap.GradleDaemon 7.4
java_class_path (initial): C:\Users\locdi\.gradle\wrapper\dists\gradle-7.4-bin\c0gwcg53nkjbqw7r0h0umtfvt\gradle-7.4\lib\gradle-launcher-7.4.jar
Launcher Type: SUN_STANDARD

[Global flags]
     intx CICompilerCount                          = 3                                         {product} {ergonomic}
     uint ConcGCThreads                            = 1                                         {product} {ergonomic}
     uint G1ConcRefinementThreads                  = 4                                         {product} {ergonomic}
   size_t G1HeapRegionSize                         = 1048576                                   {product} {ergonomic}
    uintx GCDrainStackTargetSize                   = 64                                        {product} {ergonomic}
   size_t InitialHeapSize                          = 201326592                                 {product} {ergonomic}
   size_t MarkStackSize                            = 4194304                                   {product} {ergonomic}
   size_t MaxHeapSize                              = 2147483648                                {product} {command line}
   size_t MaxNewSize                               = 1287651328                                {product} {ergonomic}
   size_t MinHeapDeltaBytes                        = 1048576                                   {product} {ergonomic}
   size_t MinHeapSize                              = 8388608                                   {product} {ergonomic}
    uintx NonNMethodCodeHeapSize                   = 5832780                                {pd product} {ergonomic}
    uintx NonProfiledCodeHeapSize                  = 122912730                              {pd product} {ergonomic}
    uintx ProfiledCodeHeapSize                     = 122912730                              {pd product} {ergonomic}
    uintx ReservedCodeCacheSize                    = 251658240                              {pd product} {ergonomic}
     bool SegmentedCodeCache                       = true                                      {product} {ergonomic}
   size_t SoftMaxHeapSize                          = 2147483648                             {manageable} {ergonomic}
     bool UseCompressedClassPointers               = true                           {product lp64_product} {ergonomic}
     bool UseCompressedOops                        = true                           {product lp64_product} {ergonomic}
     bool UseG1GC                                  = true                                      {product} {ergonomic}
     bool UseLargePagesIndividualAllocation        = false                                  {pd product} {ergonomic}

Logging:
Log output configuration:
 #0: stdout all=warning uptime,level,tags foldmultilines=false
 #1: stderr all=off uptime,level,tags foldmultilines=false

Environment Variables:
JAVA_HOME=F:\Program Files\Java\jdk-18
PATH=C:\Program Files\Common Files\Oracle\Java\javapath;C:\Windows\system32;C:\Windows;C:\Windows\System32\Wbem;C:\Windows\System32\WindowsPowerShell\v1.0\;C:\Windows\System32\OpenSSH\;C:\Program Files (x86)\NVIDIA Corporation\PhysX\Common;C:\Program Files\NVIDIA Corporation\NVIDIA NvDLISR;C:\Program Files\Git\cmd;C:\Program Files\dotnet\;C:\Program Files\Microsoft SQL Server\Client SDK\ODBC\170\Tools\Binn\;C:\Program Files (x86)\Microsoft SQL Server\150\Tools\Binn\;C:\Program Files\Microsoft SQL Server\150\Tools\Binn\;C:\Program Files\Microsoft SQL Server\150\DTS\Binn\;C:\Program Files\nodejs\;"F:\Program Files\Java\jdk-18\bin;";C:\Users\locdi\AppData\Local\Microsoft\WindowsApps;C:\Users\locdi\AppData\Local\GitHubDesktop\bin;F:\Users\locdi\AppData\Local\Programs\Microsoft VS Code\bin;F:\Programs\Microsoft VS Code\bin;C:\Users\locdi\.dotnet\tools;C:\Program Files\Azure Data Studio\bin;C:\Users\locdi\AppData\Roaming\npm;F:\Program Files\Java\jdk-18\bin;
USERNAME=locdivine
OS=Windows_NT
PROCESSOR_IDENTIFIER=Intel64 Family 6 Model 142 Stepping 9, GenuineIntel



---------------  S Y S T E M  ---------------

OS:
 Windows 10 , 64 bit Build 19041 (10.0.19041.1889)
OS uptime: 2 days 12:22 hours

CPU: total 4 (initial active 4) (2 cores per cpu, 2 threads per core) family 6 model 142 stepping 9 microcode 0xb4, cx8, cmov, fxsr, ht, mmx, 3dnowpref, sse, sse2, sse3, ssse3, sse4.1, sse4.2, popcnt, lzcnt, tsc, tscinvbit, avx, avx2, aes, erms, clmul, bmi1, bmi2, adx, fma, vzeroupper, clflush, clflushopt

Memory: 4k page, system-wide physical 12169M (4442M free)
TotalPageFile size 30482M (AvailPageFile size 20783M)
current process WorkingSet (physical memory assigned to process): 433M, peak: 450M
current process commit charge ("private bytes"): 467M, peak: 486M

vm_info: Java HotSpot(TM) 64-Bit Server VM (18+36-2087) for windows-amd64 JRE (18+36-2087), built on Feb 15 2022 09:43:11 by "mach5one" with MS VC++ 16.8 / 16.9 (VS2019)

END.
